-------------------------------------------------------------------------------
Test set: edu.etec.ds.fundamentos.Ejercicio4Test
-------------------------------------------------------------------------------
Tests run: 15, Failures: 0, Errors: 15, Skipped: 0, Time elapsed: 0.010 s <<< FAILURE! -- in edu.etec.ds.fundamentos.Ejercicio4Test
edu.etec.ds.fundamentos.Ejercicio4Test.testCalculadoraSimple -- Time elapsed: 0 s <<< ERROR!
kotlin.NotImplementedError: An operation is not implemented: Realizar operacion: + - * /. Retornar 0.0 si division por cero u operador invalido
	at edu.etec.ds.fundamentos.Ejercicio4Kt.calcular(Ejercicio4.kt:20)
	at edu.etec.ds.fundamentos.Ejercicio4Test.testCalculadoraSimple(Ejercicio4Test.kt:82)
	at java.base/java.lang.reflect.Method.invoke(Method.java:580)
	at java.base/java.util.ArrayList.forEach(ArrayList.java:1596)
	at java.base/java.util.ArrayList.forEach(ArrayList.java:1596)

edu.etec.ds.fundamentos.Ejercicio4Test.testExpresionIfSinDescuento -- Time elapsed: 0 s <<< ERROR!
kotlin.NotImplementedError: An operation is not implemented: Retornar descuento: 10% si monto >= 100, 20% si >= 150, 30% si >= 200, sino 0%
	at edu.etec.ds.fundamentos.Ejercicio4Kt.obtenerDescuento(Ejercicio4.kt:16)
	at edu.etec.ds.fundamentos.Ejercicio4Test.testExpresionIfSinDescuento(Ejercicio4Test.kt:70)
	at java.base/java.lang.reflect.Method.invoke(Method.java:580)
	at java.base/java.util.ArrayList.forEach(ArrayList.java:1596)
	at java.base/java.util.ArrayList.forEach(ArrayList.java:1596)

edu.etec.ds.fundamentos.Ejercicio4Test.testCalculadoraDivisionCero -- Time elapsed: 0.001 s <<< ERROR!
kotlin.NotImplementedError: An operation is not implemented: Realizar operacion: + - * /. Retornar 0.0 si division por cero u operador invalido
	at edu.etec.ds.fundamentos.Ejercicio4Kt.calcular(Ejercicio4.kt:20)
	at edu.etec.ds.fundamentos.Ejercicio4Test.testCalculadoraDivisionCero(Ejercicio4Test.kt:90)
	at java.base/java.lang.reflect.Method.invoke(Method.java:580)
	at java.base/java.util.ArrayList.forEach(ArrayList.java:1596)
	at java.base/java.util.ArrayList.forEach(ArrayList.java:1596)

edu.etec.ds.fundamentos.Ejercicio4Test.testExpresionIfMayor -- Time elapsed: 0 s <<< ERROR!
kotlin.NotImplementedError: An operation is not implemented: Retornar descuento: 10% si monto >= 100, 20% si >= 150, 30% si >= 200, sino 0%
	at edu.etec.ds.fundamentos.Ejercicio4Kt.obtenerDescuento(Ejercicio4.kt:16)
	at edu.etec.ds.fundamentos.Ejercicio4Test.testExpresionIfMayor(Ejercicio4Test.kt:76)
	at java.base/java.lang.reflect.Method.invoke(Method.java:580)
	at java.base/java.util.ArrayList.forEach(ArrayList.java:1596)
	at java.base/java.util.ArrayList.forEach(ArrayList.java:1596)

edu.etec.ds.fundamentos.Ejercicio4Test.testCondicionalAnidadoMayor -- Time elapsed: 0 s <<< ERROR!
kotlin.NotImplementedError: An operation is not implemented: Menor de edad: < 18, Adulto: 18-65, Adulto mayor: > 65
	at edu.etec.ds.fundamentos.Ejercicio4Kt.evaluarEdad(Ejercicio4.kt:12)
	at edu.etec.ds.fundamentos.Ejercicio4Test.testCondicionalAnidadoMayor(Ejercicio4Test.kt:58)
	at java.base/java.lang.reflect.Method.invoke(Method.java:580)
	at java.base/java.util.ArrayList.forEach(ArrayList.java:1596)
	at java.base/java.util.ArrayList.forEach(ArrayList.java:1596)

edu.etec.ds.fundamentos.Ejercicio4Test.testCondicionalAnidadoMenor -- Time elapsed: 0.001 s <<< ERROR!
kotlin.NotImplementedError: An operation is not implemented: Menor de edad: < 18, Adulto: 18-65, Adulto mayor: > 65
	at edu.etec.ds.fundamentos.Ejercicio4Kt.evaluarEdad(Ejercicio4.kt:12)
	at edu.etec.ds.fundamentos.Ejercicio4Test.testCondicionalAnidadoMenor(Ejercicio4Test.kt:52)
	at java.base/java.lang.reflect.Method.invoke(Method.java:580)
	at java.base/java.util.ArrayList.forEach(ArrayList.java:1596)
	at java.base/java.util.ArrayList.forEach(ArrayList.java:1596)

edu.etec.ds.fundamentos.Ejercicio4Test.testCondicionalNegativo -- Time elapsed: 0 s <<< ERROR!
kotlin.NotImplementedError: An operation is not implemented: Retornar "Positivo" si numero > 0, sino "No positivo"
	at edu.etec.ds.fundamentos.Ejercicio4Kt.evaluarPositivo(Ejercicio4.kt:4)
	at edu.etec.ds.fundamentos.Ejercicio4Test.testCondicionalNegativo(Ejercicio4Test.kt:16)
	at java.base/java.lang.reflect.Method.invoke(Method.java:580)
	at java.base/java.util.ArrayList.forEach(ArrayList.java:1596)
	at java.base/java.util.ArrayList.forEach(ArrayList.java:1596)

edu.etec.ds.fundamentos.Ejercicio4Test.testExpresionIf -- Time elapsed: 0.001 s <<< ERROR!
kotlin.NotImplementedError: An operation is not implemented: Retornar descuento: 10% si monto >= 100, 20% si >= 150, 30% si >= 200, sino 0%
	at edu.etec.ds.fundamentos.Ejercicio4Kt.obtenerDescuento(Ejercicio4.kt:16)
	at edu.etec.ds.fundamentos.Ejercicio4Test.testExpresionIf(Ejercicio4Test.kt:64)
	at java.base/java.lang.reflect.Method.invoke(Method.java:580)
	at java.base/java.util.ArrayList.forEach(ArrayList.java:1596)
	at java.base/java.util.ArrayList.forEach(ArrayList.java:1596)

edu.etec.ds.fundamentos.Ejercicio4Test.testCondicionalCero -- Time elapsed: 0 s <<< ERROR!
kotlin.NotImplementedError: An operation is not implemented: Retornar "Positivo" si numero > 0, sino "No positivo"
	at edu.etec.ds.fundamentos.Ejercicio4Kt.evaluarPositivo(Ejercicio4.kt:4)
	at edu.etec.ds.fundamentos.Ejercicio4Test.testCondicionalCero(Ejercicio4Test.kt:22)
	at java.base/java.lang.reflect.Method.invoke(Method.java:580)
	at java.base/java.util.ArrayList.forEach(ArrayList.java:1596)
	at java.base/java.util.ArrayList.forEach(ArrayList.java:1596)

edu.etec.ds.fundamentos.Ejercicio4Test.testCalculadoraOperadorInvalido -- Time elapsed: 0 s <<< ERROR!
kotlin.NotImplementedError: An operation is not implemented: Realizar operacion: + - * /. Retornar 0.0 si division por cero u operador invalido
	at edu.etec.ds.fundamentos.Ejercicio4Kt.calcular(Ejercicio4.kt:20)
	at edu.etec.ds.fundamentos.Ejercicio4Test.testCalculadoraOperadorInvalido(Ejercicio4Test.kt:96)
	at java.base/java.lang.reflect.Method.invoke(Method.java:580)
	at java.base/java.util.ArrayList.forEach(ArrayList.java:1596)
	at java.base/java.util.ArrayList.forEach(ArrayList.java:1596)

edu.etec.ds.fundamentos.Ejercicio4Test.testCondicionalIfElse -- Time elapsed: 0.001 s <<< ERROR!
kotlin.NotImplementedError: An operation is not implemented: Clasificar: Mayor a 10, Menor a 10, o Igual a 10
	at edu.etec.ds.fundamentos.Ejercicio4Kt.clasificarNumero(Ejercicio4.kt:8)
	at edu.etec.ds.fundamentos.Ejercicio4Test.testCondicionalIfElse(Ejercicio4Test.kt:28)
	at java.base/java.lang.reflect.Method.invoke(Method.java:580)
	at java.base/java.util.ArrayList.forEach(ArrayList.java:1596)
	at java.base/java.util.ArrayList.forEach(ArrayList.java:1596)

edu.etec.ds.fundamentos.Ejercicio4Test.testCondicionalSimple -- Time elapsed: 0 s <<< ERROR!
kotlin.NotImplementedError: An operation is not implemented: Retornar "Positivo" si numero > 0, sino "No positivo"
	at edu.etec.ds.fundamentos.Ejercicio4Kt.evaluarPositivo(Ejercicio4.kt:4)
	at edu.etec.ds.fundamentos.Ejercicio4Test.testCondicionalSimple(Ejercicio4Test.kt:10)
	at java.base/java.lang.reflect.Method.invoke(Method.java:580)
	at java.base/java.util.ArrayList.forEach(ArrayList.java:1596)
	at java.base/java.util.ArrayList.forEach(ArrayList.java:1596)

edu.etec.ds.fundamentos.Ejercicio4Test.testCondicionalIfElseIgual -- Time elapsed: 0 s <<< ERROR!
kotlin.NotImplementedError: An operation is not implemented: Clasificar: Mayor a 10, Menor a 10, o Igual a 10
	at edu.etec.ds.fundamentos.Ejercicio4Kt.clasificarNumero(Ejercicio4.kt:8)
	at edu.etec.ds.fundamentos.Ejercicio4Test.testCondicionalIfElseIgual(Ejercicio4Test.kt:40)
	at java.base/java.lang.reflect.Method.invoke(Method.java:580)
	at java.base/java.util.ArrayList.forEach(ArrayList.java:1596)
	at java.base/java.util.ArrayList.forEach(ArrayList.java:1596)

edu.etec.ds.fundamentos.Ejercicio4Test.testCondicionalIfElseMenor -- Time elapsed: 0.001 s <<< ERROR!
kotlin.NotImplementedError: An operation is not implemented: Clasificar: Mayor a 10, Menor a 10, o Igual a 10
	at edu.etec.ds.fundamentos.Ejercicio4Kt.clasificarNumero(Ejercicio4.kt:8)
	at edu.etec.ds.fundamentos.Ejercicio4Test.testCondicionalIfElseMenor(Ejercicio4Test.kt:34)
	at java.base/java.lang.reflect.Method.invoke(Method.java:580)
	at java.base/java.util.ArrayList.forEach(ArrayList.java:1596)
	at java.base/java.util.ArrayList.forEach(ArrayList.java:1596)

edu.etec.ds.fundamentos.Ejercicio4Test.testCondicionalAnidado -- Time elapsed: 0 s <<< ERROR!
kotlin.NotImplementedError: An operation is not implemented: Menor de edad: < 18, Adulto: 18-65, Adulto mayor: > 65
	at edu.etec.ds.fundamentos.Ejercicio4Kt.evaluarEdad(Ejercicio4.kt:12)
	at edu.etec.ds.fundamentos.Ejercicio4Test.testCondicionalAnidado(Ejercicio4Test.kt:46)
	at java.base/java.lang.reflect.Method.invoke(Method.java:580)
	at java.base/java.util.ArrayList.forEach(ArrayList.java:1596)
	at java.base/java.util.ArrayList.forEach(ArrayList.java:1596)

