-------------------------------------------------------------------------------
Test set: edu.etec.ds.fundamentos.Ejercicio2Test
-------------------------------------------------------------------------------
Tests run: 14, Failures: 0, Errors: 12, Skipped: 0, Time elapsed: 0.015 s <<< FAILURE! -- in edu.etec.ds.fundamentos.Ejercicio2Test
edu.etec.ds.fundamentos.Ejercicio2Test.testInferenciaDouble -- Time elapsed: 0.001 s <<< ERROR!
kotlin.NotImplementedError: An operation is not implemented: Retornar el nombre del tipo inferido para 3.14
	at edu.etec.ds.fundamentos.Ejercicio2Kt.obtenerTipoDouble(Ejercicio2.kt:8)
	at edu.etec.ds.fundamentos.Ejercicio2Test.testInferenciaDouble(Ejercicio2Test.kt:16)
	at java.base/java.lang.reflect.Method.invoke(Method.java:580)
	at java.base/java.util.ArrayList.forEach(ArrayList.java:1596)
	at java.base/java.util.ArrayList.forEach(ArrayList.java:1596)

edu.etec.ds.fundamentos.Ejercicio2Test.testInferenciaEntero -- Time elapsed: 0.001 s <<< ERROR!
kotlin.NotImplementedError: An operation is not implemented: Retornar el nombre del tipo inferido para 42
	at edu.etec.ds.fundamentos.Ejercicio2Kt.obtenerTipoEntero(Ejercicio2.kt:4)
	at edu.etec.ds.fundamentos.Ejercicio2Test.testInferenciaEntero(Ejercicio2Test.kt:10)
	at java.base/java.lang.reflect.Method.invoke(Method.java:580)
	at java.base/java.util.ArrayList.forEach(ArrayList.java:1596)
	at java.base/java.util.ArrayList.forEach(ArrayList.java:1596)

edu.etec.ds.fundamentos.Ejercicio2Test.testInferenciaBoolean -- Time elapsed: 0.001 s <<< ERROR!
kotlin.NotImplementedError: An operation is not implemented: Retornar el nombre del tipo inferido para true
	at edu.etec.ds.fundamentos.Ejercicio2Kt.obtenerTipoBoolean(Ejercicio2.kt:12)
	at edu.etec.ds.fundamentos.Ejercicio2Test.testInferenciaBoolean(Ejercicio2Test.kt:22)
	at java.base/java.lang.reflect.Method.invoke(Method.java:580)
	at java.base/java.util.ArrayList.forEach(ArrayList.java:1596)
	at java.base/java.util.ArrayList.forEach(ArrayList.java:1596)

edu.etec.ds.fundamentos.Ejercicio2Test.testInferenciaTipoNothing -- Time elapsed: 0 s <<< ERROR!
kotlin.NotImplementedError: An operation is not implemented: Retornar el nombre del tipo de una funcion que lanza una excepcion
	at edu.etec.ds.fundamentos.Ejercicio2Kt.obtenerTipoNothing(Ejercicio2.kt:48)
	at edu.etec.ds.fundamentos.Ejercicio2Test.testInferenciaTipoNothing(Ejercicio2Test.kt:76)
	at java.base/java.lang.reflect.Method.invoke(Method.java:580)
	at java.base/java.util.ArrayList.forEach(ArrayList.java:1596)
	at java.base/java.util.ArrayList.forEach(ArrayList.java:1596)

edu.etec.ds.fundamentos.Ejercicio2Test.testInferenciaString -- Time elapsed: 0 s <<< ERROR!
kotlin.NotImplementedError: An operation is not implemented: Retornar el nombre del tipo inferido para "Kotlin"
	at edu.etec.ds.fundamentos.Ejercicio2Kt.obtenerTipoString(Ejercicio2.kt:16)
	at edu.etec.ds.fundamentos.Ejercicio2Test.testInferenciaString(Ejercicio2Test.kt:28)
	at java.base/java.lang.reflect.Method.invoke(Method.java:580)
	at java.base/java.util.ArrayList.forEach(ArrayList.java:1596)
	at java.base/java.util.ArrayList.forEach(ArrayList.java:1596)

edu.etec.ds.fundamentos.Ejercicio2Test.testInferenciaMap -- Time elapsed: 0 s <<< ERROR!
kotlin.NotImplementedError: An operation is not implemented: Retornar el nombre del tipo inferido para mapOf("a" to 1)
	at edu.etec.ds.fundamentos.Ejercicio2Kt.obtenerTipoMap(Ejercicio2.kt:28)
	at edu.etec.ds.fundamentos.Ejercicio2Test.testInferenciaMap(Ejercicio2Test.kt:46)
	at java.base/java.lang.reflect.Method.invoke(Method.java:580)
	at java.base/java.util.ArrayList.forEach(ArrayList.java:1596)
	at java.base/java.util.ArrayList.forEach(ArrayList.java:1596)

edu.etec.ds.fundamentos.Ejercicio2Test.testInferenciaTipoNulo -- Time elapsed: 0 s <<< ERROR!
kotlin.NotImplementedError: An operation is not implemented: Retornar el nombre del tipo inferido para null
	at edu.etec.ds.fundamentos.Ejercicio2Kt.obtenerTipoNulo(Ejercicio2.kt:36)
	at edu.etec.ds.fundamentos.Ejercicio2Test.testInferenciaTipoNulo(Ejercicio2Test.kt:58)
	at java.base/java.lang.reflect.Method.invoke(Method.java:580)
	at java.base/java.util.ArrayList.forEach(ArrayList.java:1596)
	at java.base/java.util.ArrayList.forEach(ArrayList.java:1596)

edu.etec.ds.fundamentos.Ejercicio2Test.testInferenciaTipoUnit -- Time elapsed: 0 s <<< ERROR!
kotlin.NotImplementedError: An operation is not implemented: Retornar el nombre del tipo de una funcion que no retorna nada
	at edu.etec.ds.fundamentos.Ejercicio2Kt.obtenerTipoUnit(Ejercicio2.kt:44)
	at edu.etec.ds.fundamentos.Ejercicio2Test.testInferenciaTipoUnit(Ejercicio2Test.kt:70)
	at java.base/java.lang.reflect.Method.invoke(Method.java:580)
	at java.base/java.util.ArrayList.forEach(ArrayList.java:1596)
	at java.base/java.util.ArrayList.forEach(ArrayList.java:1596)

edu.etec.ds.fundamentos.Ejercicio2Test.testInferenciaChar -- Time elapsed: 0 s <<< ERROR!
kotlin.NotImplementedError: An operation is not implemented: Retornar el nombre del tipo inferido para 'A'
	at edu.etec.ds.fundamentos.Ejercicio2Kt.obtenerTipoChar(Ejercicio2.kt:20)
	at edu.etec.ds.fundamentos.Ejercicio2Test.testInferenciaChar(Ejercicio2Test.kt:34)
	at java.base/java.lang.reflect.Method.invoke(Method.java:580)
	at java.base/java.util.ArrayList.forEach(ArrayList.java:1596)
	at java.base/java.util.ArrayList.forEach(ArrayList.java:1596)

edu.etec.ds.fundamentos.Ejercicio2Test.testInferenciaArray -- Time elapsed: 0 s <<< ERROR!
kotlin.NotImplementedError: An operation is not implemented: Retornar el nombre del tipo inferido para arrayOf(1, 2, 3)
	at edu.etec.ds.fundamentos.Ejercicio2Kt.obtenerTipoArray(Ejercicio2.kt:32)
	at edu.etec.ds.fundamentos.Ejercicio2Test.testInferenciaArray(Ejercicio2Test.kt:52)
	at java.base/java.lang.reflect.Method.invoke(Method.java:580)
	at java.base/java.util.ArrayList.forEach(ArrayList.java:1596)
	at java.base/java.util.ArrayList.forEach(ArrayList.java:1596)

edu.etec.ds.fundamentos.Ejercicio2Test.testInferenciaLista -- Time elapsed: 0 s <<< ERROR!
kotlin.NotImplementedError: An operation is not implemented: Retornar el nombre del tipo inferido para listOf(1, 2, 3)
	at edu.etec.ds.fundamentos.Ejercicio2Kt.obtenerTipoLista(Ejercicio2.kt:24)
	at edu.etec.ds.fundamentos.Ejercicio2Test.testInferenciaLista(Ejercicio2Test.kt:40)
	at java.base/java.lang.reflect.Method.invoke(Method.java:580)
	at java.base/java.util.ArrayList.forEach(ArrayList.java:1596)
	at java.base/java.util.ArrayList.forEach(ArrayList.java:1596)

edu.etec.ds.fundamentos.Ejercicio2Test.testInferenciaTipoNullable -- Time elapsed: 0.001 s <<< ERROR!
kotlin.NotImplementedError: An operation is not implemented: Retornar "Nullable" para una variable nullable
	at edu.etec.ds.fundamentos.Ejercicio2Kt.obtenerTipoNullable(Ejercicio2.kt:40)
	at edu.etec.ds.fundamentos.Ejercicio2Test.testInferenciaTipoNullable(Ejercicio2Test.kt:64)
	at java.base/java.lang.reflect.Method.invoke(Method.java:580)
	at java.base/java.util.ArrayList.forEach(ArrayList.java:1596)
	at java.base/java.util.ArrayList.forEach(ArrayList.java:1596)

