-------------------------------------------------------------------------------
Test set: edu.etec.ds.fundamentos.Ejercicio1Test
-------------------------------------------------------------------------------
Tests run: 15, Failures: 0, Errors: 15, Skipped: 0, Time elapsed: 0.010 s <<< FAILURE! -- in edu.etec.ds.fundamentos.Ejercicio1Test
edu.etec.ds.fundamentos.Ejercicio1Test.testVerificarImpar -- Time elapsed: 0.001 s <<< ERROR!
kotlin.NotImplementedError: An operation is not implemented: Retornar true si el numero es impar
	at edu.etec.ds.fundamentos.Ejercicio1Kt.esImpar(Ejercicio1.kt:40)
	at edu.etec.ds.fundamentos.Ejercicio1Test.testVerificarImpar(Ejercicio1Test.kt:78)
	at java.base/java.lang.reflect.Method.invoke(Method.java:580)
	at java.base/java.util.ArrayList.forEach(ArrayList.java:1596)
	at java.base/java.util.ArrayList.forEach(ArrayList.java:1596)

edu.etec.ds.fundamentos.Ejercicio1Test.testSumaDosEnteros -- Time elapsed: 0 s <<< ERROR!
kotlin.NotImplementedError: An operation is not implemented: Implementar suma de dos enteros
	at edu.etec.ds.fundamentos.Ejercicio1Kt.suma(Ejercicio1.kt:4)
	at edu.etec.ds.fundamentos.Ejercicio1Test.testSumaDosEnteros(Ejercicio1Test.kt:12)
	at java.base/java.lang.reflect.Method.invoke(Method.java:580)
	at java.base/java.util.ArrayList.forEach(ArrayList.java:1596)
	at java.base/java.util.ArrayList.forEach(ArrayList.java:1596)

edu.etec.ds.fundamentos.Ejercicio1Test.testMaximoEntreDos -- Time elapsed: 0.001 s <<< ERROR!
kotlin.NotImplementedError: An operation is not implemented: Retornar el mayor entre a y b
	at edu.etec.ds.fundamentos.Ejercicio1Kt.maximo(Ejercicio1.kt:48)
	at edu.etec.ds.fundamentos.Ejercicio1Test.testMaximoEntreDos(Ejercicio1Test.kt:91)
	at java.base/java.lang.reflect.Method.invoke(Method.java:580)
	at java.base/java.util.ArrayList.forEach(ArrayList.java:1596)
	at java.base/java.util.ArrayList.forEach(ArrayList.java:1596)

edu.etec.ds.fundamentos.Ejercicio1Test.testDivisionDosEnteros -- Time elapsed: 0.001 s <<< ERROR!
kotlin.NotImplementedError: An operation is not implemented: Implementar division entera de dos enteros
	at edu.etec.ds.fundamentos.Ejercicio1Kt.division(Ejercicio1.kt:16)
	at edu.etec.ds.fundamentos.Ejercicio1Test.testDivisionDosEnteros(Ejercicio1Test.kt:36)
	at java.base/java.lang.reflect.Method.invoke(Method.java:580)
	at java.base/java.util.ArrayList.forEach(ArrayList.java:1596)
	at java.base/java.util.ArrayList.forEach(ArrayList.java:1596)

edu.etec.ds.fundamentos.Ejercicio1Test.testVerificarPar -- Time elapsed: 0 s <<< ERROR!
kotlin.NotImplementedError: An operation is not implemented: Retornar true si el numero es par
	at edu.etec.ds.fundamentos.Ejercicio1Kt.esPar(Ejercicio1.kt:36)
	at edu.etec.ds.fundamentos.Ejercicio1Test.testVerificarPar(Ejercicio1Test.kt:72)
	at java.base/java.lang.reflect.Method.invoke(Method.java:580)
	at java.base/java.util.ArrayList.forEach(ArrayList.java:1596)
	at java.base/java.util.ArrayList.forEach(ArrayList.java:1596)

edu.etec.ds.fundamentos.Ejercicio1Test.testMinimoEntreDos -- Time elapsed: 0.001 s <<< ERROR!
kotlin.NotImplementedError: An operation is not implemented: Retornar el menor entre a y b
	at edu.etec.ds.fundamentos.Ejercicio1Kt.minimo(Ejercicio1.kt:52)
	at edu.etec.ds.fundamentos.Ejercicio1Test.testMinimoEntreDos(Ejercicio1Test.kt:97)
	at java.base/java.lang.reflect.Method.invoke(Method.java:580)
	at java.base/java.util.ArrayList.forEach(ArrayList.java:1596)
	at java.base/java.util.ArrayList.forEach(ArrayList.java:1596)

edu.etec.ds.fundamentos.Ejercicio1Test.testRestaDosEnteros -- Time elapsed: 0.001 s <<< ERROR!
kotlin.NotImplementedError: An operation is not implemented: Implementar resta de dos enteros
	at edu.etec.ds.fundamentos.Ejercicio1Kt.resta(Ejercicio1.kt:8)
	at edu.etec.ds.fundamentos.Ejercicio1Test.testRestaDosEnteros(Ejercicio1Test.kt:24)
	at java.base/java.lang.reflect.Method.invoke(Method.java:580)
	at java.base/java.util.ArrayList.forEach(ArrayList.java:1596)
	at java.base/java.util.ArrayList.forEach(ArrayList.java:1596)

edu.etec.ds.fundamentos.Ejercicio1Test.testCompararIguales -- Time elapsed: 0 s <<< ERROR!
kotlin.NotImplementedError: An operation is not implemented: Retornar true si a y b son iguales
	at edu.etec.ds.fundamentos.Ejercicio1Kt.sonIguales(Ejercicio1.kt:32)
	at edu.etec.ds.fundamentos.Ejercicio1Test.testCompararIguales(Ejercicio1Test.kt:66)
	at java.base/java.lang.reflect.Method.invoke(Method.java:580)
	at java.base/java.util.ArrayList.forEach(ArrayList.java:1596)
	at java.base/java.util.ArrayList.forEach(ArrayList.java:1596)

edu.etec.ds.fundamentos.Ejercicio1Test.testCompararMenorQue -- Time elapsed: 0.001 s <<< ERROR!
kotlin.NotImplementedError: An operation is not implemented: Retornar true si a es menor que b
	at edu.etec.ds.fundamentos.Ejercicio1Kt.esMenorQue(Ejercicio1.kt:28)
	at edu.etec.ds.fundamentos.Ejercicio1Test.testCompararMenorQue(Ejercicio1Test.kt:60)
	at java.base/java.lang.reflect.Method.invoke(Method.java:580)
	at java.base/java.util.ArrayList.forEach(ArrayList.java:1596)
	at java.base/java.util.ArrayList.forEach(ArrayList.java:1596)

edu.etec.ds.fundamentos.Ejercicio1Test.testDivisionEntera -- Time elapsed: 0 s <<< ERROR!
kotlin.NotImplementedError: An operation is not implemented: Implementar division entera de dos enteros
	at edu.etec.ds.fundamentos.Ejercicio1Kt.division(Ejercicio1.kt:16)
	at edu.etec.ds.fundamentos.Ejercicio1Test.testDivisionEntera(Ejercicio1Test.kt:42)
	at java.base/java.lang.reflect.Method.invoke(Method.java:580)
	at java.base/java.util.ArrayList.forEach(ArrayList.java:1596)
	at java.base/java.util.ArrayList.forEach(ArrayList.java:1596)

edu.etec.ds.fundamentos.Ejercicio1Test.testMultiplicacionDosEnteros -- Time elapsed: 0 s <<< ERROR!
kotlin.NotImplementedError: An operation is not implemented: Implementar multiplicacion de dos enteros
	at edu.etec.ds.fundamentos.Ejercicio1Kt.multiplicacion(Ejercicio1.kt:12)
	at edu.etec.ds.fundamentos.Ejercicio1Test.testMultiplicacionDosEnteros(Ejercicio1Test.kt:30)
	at java.base/java.lang.reflect.Method.invoke(Method.java:580)
	at java.base/java.util.ArrayList.forEach(ArrayList.java:1596)
	at java.base/java.util.ArrayList.forEach(ArrayList.java:1596)

edu.etec.ds.fundamentos.Ejercicio1Test.testSumaConNegativos -- Time elapsed: 0 s <<< ERROR!
kotlin.NotImplementedError: An operation is not implemented: Implementar suma de dos enteros
	at edu.etec.ds.fundamentos.Ejercicio1Kt.suma(Ejercicio1.kt:4)
	at edu.etec.ds.fundamentos.Ejercicio1Test.testSumaConNegativos(Ejercicio1Test.kt:18)
	at java.base/java.lang.reflect.Method.invoke(Method.java:580)
	at java.base/java.util.ArrayList.forEach(ArrayList.java:1596)
	at java.base/java.util.ArrayList.forEach(ArrayList.java:1596)

edu.etec.ds.fundamentos.Ejercicio1Test.testModulo -- Time elapsed: 0 s <<< ERROR!
kotlin.NotImplementedError: An operation is not implemented: Implementar modulo de dos enteros
	at edu.etec.ds.fundamentos.Ejercicio1Kt.modulo(Ejercicio1.kt:20)
	at edu.etec.ds.fundamentos.Ejercicio1Test.testModulo(Ejercicio1Test.kt:48)
	at java.base/java.lang.reflect.Method.invoke(Method.java:580)
	at java.base/java.util.ArrayList.forEach(ArrayList.java:1596)
	at java.base/java.util.ArrayList.forEach(ArrayList.java:1596)

edu.etec.ds.fundamentos.Ejercicio1Test.testCompararMayorQue -- Time elapsed: 0.001 s <<< ERROR!
kotlin.NotImplementedError: An operation is not implemented: Retornar true si a es mayor que b
	at edu.etec.ds.fundamentos.Ejercicio1Kt.esMayorQue(Ejercicio1.kt:24)
	at edu.etec.ds.fundamentos.Ejercicio1Test.testCompararMayorQue(Ejercicio1Test.kt:54)
	at java.base/java.lang.reflect.Method.invoke(Method.java:580)
	at java.base/java.util.ArrayList.forEach(ArrayList.java:1596)
	at java.base/java.util.ArrayList.forEach(ArrayList.java:1596)

edu.etec.ds.fundamentos.Ejercicio1Test.testValorAbsoluto -- Time elapsed: 0.001 s <<< ERROR!
kotlin.NotImplementedError: An operation is not implemented: Retornar el valor absoluto del numero
	at edu.etec.ds.fundamentos.Ejercicio1Kt.valorAbsoluto(Ejercicio1.kt:44)
	at edu.etec.ds.fundamentos.Ejercicio1Test.testValorAbsoluto(Ejercicio1Test.kt:84)
	at java.base/java.lang.reflect.Method.invoke(Method.java:580)
	at java.base/java.util.ArrayList.forEach(ArrayList.java:1596)
	at java.base/java.util.ArrayList.forEach(ArrayList.java:1596)

