-------------------------------------------------------------------------------
Test set: edu.etec.ds.fundamentos.Ejercicio5Test
-------------------------------------------------------------------------------
Tests run: 17, Failures: 0, Errors: 17, Skipped: 0, Time elapsed: 0.015 s <<< FAILURE! -- in edu.etec.ds.fundamentos.Ejercicio5Test
edu.etec.ds.fundamentos.Ejercicio5Test.testTablaMultiplicar -- Time elapsed: 0 s <<< ERROR!
kotlin.NotImplementedError: An operation is not implemented: Retornar lista con la tabla de multiplicar del 1 al 10
	at edu.etec.ds.fundamentos.Ejercicio5Kt.tablaMultiplicar(Ejercicio5.kt:44)
	at edu.etec.ds.fundamentos.Ejercicio5Test.testTablaMultiplicar(Ejercicio5Test.kt:112)
	at java.base/java.lang.reflect.Method.invoke(Method.java:580)
	at java.base/java.util.ArrayList.forEach(ArrayList.java:1596)
	at java.base/java.util.ArrayList.forEach(ArrayList.java:1596)

edu.etec.ds.fundamentos.Ejercicio5Test.testFibonacci10 -- Time elapsed: 0 s <<< ERROR!
kotlin.NotImplementedError: An operation is not implemented: Retornar el n-esimo numero de Fibonacci
	at edu.etec.ds.fundamentos.Ejercicio5Kt.fibonacci(Ejercicio5.kt:12)
	at edu.etec.ds.fundamentos.Ejercicio5Test.testFibonacci10(Ejercicio5Test.kt:48)
	at java.base/java.lang.reflect.Method.invoke(Method.java:580)
	at java.base/java.util.ArrayList.forEach(ArrayList.java:1596)
	at java.base/java.util.ArrayList.forEach(ArrayList.java:1596)

edu.etec.ds.fundamentos.Ejercicio5Test.testContarVocales -- Time elapsed: 0.001 s <<< ERROR!
kotlin.NotImplementedError: An operation is not implemented: Contar las vocales en el texto (considerar mayusculas y minusculas)
	at edu.etec.ds.fundamentos.Ejercicio5Kt.contarVocales(Ejercicio5.kt:36)
	at edu.etec.ds.fundamentos.Ejercicio5Test.testContarVocales(Ejercicio5Test.kt:99)
	at java.base/java.lang.reflect.Method.invoke(Method.java:580)
	at java.base/java.util.ArrayList.forEach(ArrayList.java:1596)
	at java.base/java.util.ArrayList.forEach(ArrayList.java:1596)

edu.etec.ds.fundamentos.Ejercicio5Test.testContarParesRangoVacio -- Time elapsed: 0 s <<< ERROR!
kotlin.NotImplementedError: An operation is not implemented: Contar numeros pares en el rango [inicio, fin]
	at edu.etec.ds.fundamentos.Ejercicio5Kt.contarPares(Ejercicio5.kt:8)
	at edu.etec.ds.fundamentos.Ejercicio5Test.testContarParesRangoVacio(Ejercicio5Test.kt:36)
	at java.base/java.lang.reflect.Method.invoke(Method.java:580)
	at java.base/java.util.ArrayList.forEach(ArrayList.java:1596)
	at java.base/java.util.ArrayList.forEach(ArrayList.java:1596)

edu.etec.ds.fundamentos.Ejercicio5Test.testInvertirCadena -- Time elapsed: 0.001 s <<< ERROR!
kotlin.NotImplementedError: An operation is not implemented: Invertir la cadena de texto
	at edu.etec.ds.fundamentos.Ejercicio5Kt.inverter(Ejercicio5.kt:32)
	at edu.etec.ds.fundamentos.Ejercicio5Test.testInvertirCadena(Ejercicio5Test.kt:93)
	at java.base/java.lang.reflect.Method.invoke(Method.java:580)
	at java.base/java.util.ArrayList.forEach(ArrayList.java:1596)
	at java.base/java.util.ArrayList.forEach(ArrayList.java:1596)

edu.etec.ds.fundamentos.Ejercicio5Test.testSumarHastaN -- Time elapsed: 0.001 s <<< ERROR!
kotlin.NotImplementedError: An operation is not implemented: Sumar todos los numeros desde 1 hasta n (inclusive)
	at edu.etec.ds.fundamentos.Ejercicio5Kt.sumarHasta(Ejercicio5.kt:4)
	at edu.etec.ds.fundamentos.Ejercicio5Test.testSumarHastaN(Ejercicio5Test.kt:12)
	at java.base/java.lang.reflect.Method.invoke(Method.java:580)
	at java.base/java.util.ArrayList.forEach(ArrayList.java:1596)
	at java.base/java.util.ArrayList.forEach(ArrayList.java:1596)

edu.etec.ds.fundamentos.Ejercicio5Test.testEsPalindromo -- Time elapsed: 0 s <<< ERROR!
kotlin.NotImplementedError: An operation is not implemented: Verificar si el texto es un palindromo (ignorando espacios)
	at edu.etec.ds.fundamentos.Ejercicio5Kt.esPalindromo(Ejercicio5.kt:40)
	at edu.etec.ds.fundamentos.Ejercicio5Test.testEsPalindromo(Ejercicio5Test.kt:105)
	at java.base/java.lang.reflect.Method.invoke(Method.java:580)
	at java.base/java.util.ArrayList.forEach(ArrayList.java:1596)
	at java.base/java.util.ArrayList.forEach(ArrayList.java:1596)

edu.etec.ds.fundamentos.Ejercicio5Test.testSumarHastaUno -- Time elapsed: 0.001 s <<< ERROR!
kotlin.NotImplementedError: An operation is not implemented: Sumar todos los numeros desde 1 hasta n (inclusive)
	at edu.etec.ds.fundamentos.Ejercicio5Kt.sumarHasta(Ejercicio5.kt:4)
	at edu.etec.ds.fundamentos.Ejercicio5Test.testSumarHastaUno(Ejercicio5Test.kt:24)
	at java.base/java.lang.reflect.Method.invoke(Method.java:580)
	at java.base/java.util.ArrayList.forEach(ArrayList.java:1596)
	at java.base/java.util.ArrayList.forEach(ArrayList.java:1596)

edu.etec.ds.fundamentos.Ejercicio5Test.testEncontrarMaximo -- Time elapsed: 0.005 s <<< ERROR!
kotlin.NotImplementedError: An operation is not implemented: Encontrar el valor maximo en la lista
	at edu.etec.ds.fundamentos.Ejercicio5Kt.encontrarMaximo(Ejercicio5.kt:20)
	at edu.etec.ds.fundamentos.Ejercicio5Test.testEncontrarMaximo(Ejercicio5Test.kt:73)
	at java.base/java.lang.reflect.Method.invoke(Method.java:580)
	at java.base/java.util.ArrayList.forEach(ArrayList.java:1596)
	at java.base/java.util.ArrayList.forEach(ArrayList.java:1596)

edu.etec.ds.fundamentos.Ejercicio5Test.testEncontrarMinimo -- Time elapsed: 0 s <<< ERROR!
kotlin.NotImplementedError: An operation is not implemented: Encontrar el valor minimo en la lista
	at edu.etec.ds.fundamentos.Ejercicio5Kt.encontrarMinimo(Ejercicio5.kt:24)
	at edu.etec.ds.fundamentos.Ejercicio5Test.testEncontrarMinimo(Ejercicio5Test.kt:80)
	at java.base/java.lang.reflect.Method.invoke(Method.java:580)
	at java.base/java.util.ArrayList.forEach(ArrayList.java:1596)
	at java.base/java.util.ArrayList.forEach(ArrayList.java:1596)

edu.etec.ds.fundamentos.Ejercicio5Test.testFactorial0 -- Time elapsed: 0.001 s <<< ERROR!
kotlin.NotImplementedError: An operation is not implemented: Calcular el factorial de n
	at edu.etec.ds.fundamentos.Ejercicio5Kt.factorial(Ejercicio5.kt:16)
	at edu.etec.ds.fundamentos.Ejercicio5Test.testFactorial0(Ejercicio5Test.kt:60)
	at java.base/java.lang.reflect.Method.invoke(Method.java:580)
	at java.base/java.util.ArrayList.forEach(ArrayList.java:1596)
	at java.base/java.util.ArrayList.forEach(ArrayList.java:1596)

edu.etec.ds.fundamentos.Ejercicio5Test.testFactorial1 -- Time elapsed: 0 s <<< ERROR!
kotlin.NotImplementedError: An operation is not implemented: Calcular el factorial de n
	at edu.etec.ds.fundamentos.Ejercicio5Kt.factorial(Ejercicio5.kt:16)
	at edu.etec.ds.fundamentos.Ejercicio5Test.testFactorial1(Ejercicio5Test.kt:66)
	at java.base/java.lang.reflect.Method.invoke(Method.java:580)
	at java.base/java.util.ArrayList.forEach(ArrayList.java:1596)
	at java.base/java.util.ArrayList.forEach(ArrayList.java:1596)

edu.etec.ds.fundamentos.Ejercicio5Test.testFactorial5 -- Time elapsed: 0.001 s <<< ERROR!
kotlin.NotImplementedError: An operation is not implemented: Calcular el factorial de n
	at edu.etec.ds.fundamentos.Ejercicio5Kt.factorial(Ejercicio5.kt:16)
	at edu.etec.ds.fundamentos.Ejercicio5Test.testFactorial5(Ejercicio5Test.kt:54)
	at java.base/java.lang.reflect.Method.invoke(Method.java:580)
	at java.base/java.util.ArrayList.forEach(ArrayList.java:1596)
	at java.base/java.util.ArrayList.forEach(ArrayList.java:1596)

edu.etec.ds.fundamentos.Ejercicio5Test.testSumarHastaCero -- Time elapsed: 0 s <<< ERROR!
kotlin.NotImplementedError: An operation is not implemented: Sumar todos los numeros desde 1 hasta n (inclusive)
	at edu.etec.ds.fundamentos.Ejercicio5Kt.sumarHasta(Ejercicio5.kt:4)
	at edu.etec.ds.fundamentos.Ejercicio5Test.testSumarHastaCero(Ejercicio5Test.kt:18)
	at java.base/java.lang.reflect.Method.invoke(Method.java:580)
	at java.base/java.util.ArrayList.forEach(ArrayList.java:1596)
	at java.base/java.util.ArrayList.forEach(ArrayList.java:1596)

edu.etec.ds.fundamentos.Ejercicio5Test.testContarParesHasta10 -- Time elapsed: 0.001 s <<< ERROR!
kotlin.NotImplementedError: An operation is not implemented: Contar numeros pares en el rango [inicio, fin]
	at edu.etec.ds.fundamentos.Ejercicio5Kt.contarPares(Ejercicio5.kt:8)
	at edu.etec.ds.fundamentos.Ejercicio5Test.testContarParesHasta10(Ejercicio5Test.kt:30)
	at java.base/java.lang.reflect.Method.invoke(Method.java:580)
	at java.base/java.util.ArrayList.forEach(ArrayList.java:1596)
	at java.base/java.util.ArrayList.forEach(ArrayList.java:1596)

edu.etec.ds.fundamentos.Ejercicio5Test.testFibonacci5 -- Time elapsed: 0 s <<< ERROR!
kotlin.NotImplementedError: An operation is not implemented: Retornar el n-esimo numero de Fibonacci
	at edu.etec.ds.fundamentos.Ejercicio5Kt.fibonacci(Ejercicio5.kt:12)
	at edu.etec.ds.fundamentos.Ejercicio5Test.testFibonacci5(Ejercicio5Test.kt:42)
	at java.base/java.lang.reflect.Method.invoke(Method.java:580)
	at java.base/java.util.ArrayList.forEach(ArrayList.java:1596)
	at java.base/java.util.ArrayList.forEach(ArrayList.java:1596)

edu.etec.ds.fundamentos.Ejercicio5Test.testSumarElementosLista -- Time elapsed: 0 s <<< ERROR!
kotlin.NotImplementedError: An operation is not implemented: Sumar todos los elementos de la lista
	at edu.etec.ds.fundamentos.Ejercicio5Kt.sumarLista(Ejercicio5.kt:28)
	at edu.etec.ds.fundamentos.Ejercicio5Test.testSumarElementosLista(Ejercicio5Test.kt:87)
	at java.base/java.lang.reflect.Method.invoke(Method.java:580)
	at java.base/java.util.ArrayList.forEach(ArrayList.java:1596)
	at java.base/java.util.ArrayList.forEach(ArrayList.java:1596)

