<?xml version="1.0" encoding="UTF-8"?>
<testsuite xmlns:xsi="http://www.w3.org/2001/XMLSchema-instance" xsi:noNamespaceSchemaLocation="https://maven.apache.org/surefire/maven-surefire-plugin/xsd/surefire-test-report.xsd" version="3.0.2" name="edu.etec.ds.fundamentos.Ejercicio6Test" time="0.039" tests="16" errors="16" skipped="0" failures="0">
  <properties>
[...]
</properties>
  <testcase name="testWhenDiaSemana1" classname="edu.etec.ds.fundamentos.Ejercicio6Test" time="0.016">
    <error message="An operation is not implemented: Usar when para retornar el nombre del dia (1=Lunes, 7=Domingo)" type="kotlin.NotImplementedError"><![CDATA[kotlin.NotImplementedError: An operation is not implemented: Usar when para retornar el nombre del dia (1=Lunes, 7=Domingo)
	at edu.etec.ds.fundamentos.Ejercicio6Kt.obtenerDiaSemana(Ejercicio6.kt:4)
	at edu.etec.ds.fundamentos.Ejercicio6Test.testWhenDiaSemana1(Ejercicio6Test.kt:12)
	at java.base/java.lang.reflect.Method.invoke(Method.java:580)
	at java.base/java.util.ArrayList.forEach(ArrayList.java:1596)
	at java.base/java.util.ArrayList.forEach(ArrayList.java:1596)
]]></error>
  </testcase>
  <testcase name="testWhenDiaSemana7" classname="edu.etec.ds.fundamentos.Ejercicio6Test" time="0.001">
    <error message="An operation is not implemented: Usar when para retornar el nombre del dia (1=Lunes, 7=Domingo)" type="kotlin.NotImplementedError"><![CDATA[kotlin.NotImplementedError: An operation is not implemented: Usar when para retornar el nombre del dia (1=Lunes, 7=Domingo)
	at edu.etec.ds.fundamentos.Ejercicio6Kt.obtenerDiaSemana(Ejercicio6.kt:4)
	at edu.etec.ds.fundamentos.Ejercicio6Test.testWhenDiaSemana7(Ejercicio6Test.kt:18)
	at java.base/java.lang.reflect.Method.invoke(Method.java:580)
	at java.base/java.util.ArrayList.forEach(ArrayList.java:1596)
	at java.base/java.util.ArrayList.forEach(ArrayList.java:1596)
]]></error>
  </testcase>
  <testcase name="testWhenDiaInvalidoMayor" classname="edu.etec.ds.fundamentos.Ejercicio6Test" time="0.0">
    <error message="An operation is not implemented: Usar when para retornar el nombre del dia (1=Lunes, 7=Domingo)" type="kotlin.NotImplementedError"><![CDATA[kotlin.NotImplementedError: An operation is not implemented: Usar when para retornar el nombre del dia (1=Lunes, 7=Domingo)
	at edu.etec.ds.fundamentos.Ejercicio6Kt.obtenerDiaSemana(Ejercicio6.kt:4)
	at edu.etec.ds.fundamentos.Ejercicio6Test.testWhenDiaInvalidoMayor(Ejercicio6Test.kt:30)
	at java.base/java.lang.reflect.Method.invoke(Method.java:580)
	at java.base/java.util.ArrayList.forEach(ArrayList.java:1596)
	at java.base/java.util.ArrayList.forEach(ArrayList.java:1596)
]]></error>
  </testcase>
  <testcase name="testWhenConvertirMoneda" classname="edu.etec.ds.fundamentos.Ejercicio6Test" time="0.001">
    <error message="An operation is not implemented: Convertir: USD a MXN (1.85), EUR a MXN (18), JPY a MXN (0.10), otro retorna 0" type="kotlin.NotImplementedError"><![CDATA[kotlin.NotImplementedError: An operation is not implemented: Convertir: USD a MXN (1.85), EUR a MXN (18), JPY a MXN (0.10), otro retorna 0
	at edu.etec.ds.fundamentos.Ejercicio6Kt.convertirMoneda(Ejercicio6.kt:20)
	at edu.etec.ds.fundamentos.Ejercicio6Test.testWhenConvertirMoneda(Ejercicio6Test.kt:64)
	at java.base/java.lang.reflect.Method.invoke(Method.java:580)
	at java.base/java.util.ArrayList.forEach(ArrayList.java:1596)
	at java.base/java.util.ArrayList.forEach(ArrayList.java:1596)
]]></error>
  </testcase>
  <testcase name="testWhenExpresion" classname="edu.etec.ds.fundamentos.Ejercicio6Test" time="0.0">
    <error message="An operation is not implemented: Usar when como expresion: &gt;200 -&gt; 25%, &gt;150 -&gt; 15%, &gt;100 -&gt; 10%, else 0%" type="kotlin.NotImplementedError"><![CDATA[kotlin.NotImplementedError: An operation is not implemented: Usar when como expresion: >200 -> 25%, >150 -> 15%, >100 -> 10%, else 0%
	at edu.etec.ds.fundamentos.Ejercicio6Kt.obtenerDescuentoWhen(Ejercicio6.kt:28)
	at edu.etec.ds.fundamentos.Ejercicio6Test.testWhenExpresion(Ejercicio6Test.kt:81)
	at java.base/java.lang.reflect.Method.invoke(Method.java:580)
	at java.base/java.util.ArrayList.forEach(ArrayList.java:1596)
	at java.base/java.util.ArrayList.forEach(ArrayList.java:1596)
]]></error>
  </testcase>
  <testcase name="testWhenMesInvalido" classname="edu.etec.ds.fundamentos.Ejercicio6Test" time="0.0">
    <error message="An operation is not implemented: Usar when para retornar el nombre del mes" type="kotlin.NotImplementedError"><![CDATA[kotlin.NotImplementedError: An operation is not implemented: Usar when para retornar el nombre del mes
	at edu.etec.ds.fundamentos.Ejercicio6Kt.obtenerNombreMes(Ejercicio6.kt:8)
	at edu.etec.ds.fundamentos.Ejercicio6Test.testWhenMesInvalido(Ejercicio6Test.kt:42)
	at java.base/java.lang.reflect.Method.invoke(Method.java:580)
	at java.base/java.util.ArrayList.forEach(ArrayList.java:1596)
	at java.base/java.util.ArrayList.forEach(ArrayList.java:1596)
]]></error>
  </testcase>
  <testcase name="testWhenClasificarEdad" classname="edu.etec.ds.fundamentos.Ejercicio6Test" time="0.0">
    <error message="An operation is not implemented: Usar when con rangos: Bebe (&lt;3), Nino (3-12), Adolescente (13-17), Adulto (18-65), Anciano (&gt;65)" type="kotlin.NotImplementedError"><![CDATA[kotlin.NotImplementedError: An operation is not implemented: Usar when con rangos: Bebe (<3), Nino (3-12), Adolescente (13-17), Adulto (18-65), Anciano (>65)
	at edu.etec.ds.fundamentos.Ejercicio6Kt.clasificarEdad(Ejercicio6.kt:16)
	at edu.etec.ds.fundamentos.Ejercicio6Test.testWhenClasificarEdad(Ejercicio6Test.kt:55)
	at java.base/java.lang.reflect.Method.invoke(Method.java:580)
	at java.base/java.util.ArrayList.forEach(ArrayList.java:1596)
	at java.base/java.util.ArrayList.forEach(ArrayList.java:1596)
]]></error>
  </testcase>
  <testcase name="testWhenRango" classname="edu.etec.ds.fundamentos.Ejercicio6Test" time="0.001">
    <error message="An operation is not implemented: Usar when con rangos: &gt;=90 Promocionado, &gt;=60 Aprobado, else Desaprobado" type="kotlin.NotImplementedError"><![CDATA[kotlin.NotImplementedError: An operation is not implemented: Usar when con rangos: >=90 Promocionado, >=60 Aprobado, else Desaprobado
	at edu.etec.ds.fundamentos.Ejercicio6Kt.obtenerCalificacion(Ejercicio6.kt:32)
	at edu.etec.ds.fundamentos.Ejercicio6Test.testWhenRango(Ejercicio6Test.kt:99)
	at java.base/java.lang.reflect.Method.invoke(Method.java:580)
	at java.base/java.util.ArrayList.forEach(ArrayList.java:1596)
	at java.base/java.util.ArrayList.forEach(ArrayList.java:1596)
]]></error>
  </testcase>
  <testcase name="testWhenExpresionSinDescuento" classname="edu.etec.ds.fundamentos.Ejercicio6Test" time="0.001">
    <error message="An operation is not implemented: Usar when como expresion: &gt;200 -&gt; 25%, &gt;150 -&gt; 15%, &gt;100 -&gt; 10%, else 0%" type="kotlin.NotImplementedError"><![CDATA[kotlin.NotImplementedError: An operation is not implemented: Usar when como expresion: >200 -> 25%, >150 -> 15%, >100 -> 10%, else 0%
	at edu.etec.ds.fundamentos.Ejercicio6Kt.obtenerDescuentoWhen(Ejercicio6.kt:28)
	at edu.etec.ds.fundamentos.Ejercicio6Test.testWhenExpresionSinDescuento(Ejercicio6Test.kt:87)
	at java.base/java.lang.reflect.Method.invoke(Method.java:580)
	at java.base/java.util.ArrayList.forEach(ArrayList.java:1596)
	at java.base/java.util.ArrayList.forEach(ArrayList.java:1596)
]]></error>
  </testcase>
  <testcase name="testWhenExpresionMayor" classname="edu.etec.ds.fundamentos.Ejercicio6Test" time="0.001">
    <error message="An operation is not implemented: Usar when como expresion: &gt;200 -&gt; 25%, &gt;150 -&gt; 15%, &gt;100 -&gt; 10%, else 0%" type="kotlin.NotImplementedError"><![CDATA[kotlin.NotImplementedError: An operation is not implemented: Usar when como expresion: >200 -> 25%, >150 -> 15%, >100 -> 10%, else 0%
	at edu.etec.ds.fundamentos.Ejercicio6Kt.obtenerDescuentoWhen(Ejercicio6.kt:28)
	at edu.etec.ds.fundamentos.Ejercicio6Test.testWhenExpresionMayor(Ejercicio6Test.kt:93)
	at java.base/java.lang.reflect.Method.invoke(Method.java:580)
	at java.base/java.util.ArrayList.forEach(ArrayList.java:1596)
	at java.base/java.util.ArrayList.forEach(ArrayList.java:1596)
]]></error>
  </testcase>
  <testcase name="testWhenDiaInvalido" classname="edu.etec.ds.fundamentos.Ejercicio6Test" time="0.0">
    <error message="An operation is not implemented: Usar when para retornar el nombre del dia (1=Lunes, 7=Domingo)" type="kotlin.NotImplementedError"><![CDATA[kotlin.NotImplementedError: An operation is not implemented: Usar when para retornar el nombre del dia (1=Lunes, 7=Domingo)
	at edu.etec.ds.fundamentos.Ejercicio6Kt.obtenerDiaSemana(Ejercicio6.kt:4)
	at edu.etec.ds.fundamentos.Ejercicio6Test.testWhenDiaInvalido(Ejercicio6Test.kt:24)
	at java.base/java.lang.reflect.Method.invoke(Method.java:580)
	at java.base/java.util.ArrayList.forEach(ArrayList.java:1596)
	at java.base/java.util.ArrayList.forEach(ArrayList.java:1596)
]]></error>
  </testcase>
  <testcase name="testWhenOperacion" classname="edu.etec.ds.fundamentos.Ejercicio6Test" time="0.001">
    <error message="An operation is not implemented: Usar when para realizar + - * / %. Division por cero retorna 0.0" type="kotlin.NotImplementedError"><![CDATA[kotlin.NotImplementedError: An operation is not implemented: Usar when para realizar + - * / %. Division por cero retorna 0.0
	at edu.etec.ds.fundamentos.Ejercicio6Kt.realizarOperacion(Ejercicio6.kt:24)
	at edu.etec.ds.fundamentos.Ejercicio6Test.testWhenOperacion(Ejercicio6Test.kt:72)
	at java.base/java.lang.reflect.Method.invoke(Method.java:580)
	at java.base/java.util.ArrayList.forEach(ArrayList.java:1596)
	at java.base/java.util.ArrayList.forEach(ArrayList.java:1596)
]]></error>
  </testcase>
  <testcase name="testWhenMesNombre" classname="edu.etec.ds.fundamentos.Ejercicio6Test" time="0.001">
    <error message="An operation is not implemented: Usar when para retornar el nombre del mes" type="kotlin.NotImplementedError"><![CDATA[kotlin.NotImplementedError: An operation is not implemented: Usar when para retornar el nombre del mes
	at edu.etec.ds.fundamentos.Ejercicio6Kt.obtenerNombreMes(Ejercicio6.kt:8)
	at edu.etec.ds.fundamentos.Ejercicio6Test.testWhenMesNombre(Ejercicio6Test.kt:36)
	at java.base/java.lang.reflect.Method.invoke(Method.java:580)
	at java.base/java.util.ArrayList.forEach(ArrayList.java:1596)
	at java.base/java.util.ArrayList.forEach(ArrayList.java:1596)
]]></error>
  </testcase>
  <testcase name="testWhenClasificarNumero" classname="edu.etec.ds.fundamentos.Ejercicio6Test" time="0.0">
    <error message="An operation is not implemented: Usar when para clasificar: Positivo, Negativo o Cero" type="kotlin.NotImplementedError"><![CDATA[kotlin.NotImplementedError: An operation is not implemented: Usar when para clasificar: Positivo, Negativo o Cero
	at edu.etec.ds.fundamentos.Ejercicio6Kt.clasificarNumeroWhen(Ejercicio6.kt:12)
	at edu.etec.ds.fundamentos.Ejercicio6Test.testWhenClasificarNumero(Ejercicio6Test.kt:48)
	at java.base/java.lang.reflect.Method.invoke(Method.java:580)
	at java.base/java.util.ArrayList.forEach(ArrayList.java:1596)
	at java.base/java.util.ArrayList.forEach(ArrayList.java:1596)
]]></error>
  </testcase>
  <testcase name="testWhenMultipleCondiciones" classname="edu.etec.ds.fundamentos.Ejercicio6Test" time="0.001">
    <error message="An operation is not implemented: Usar when para verificar si es vocal (a, e, i, o, u mayusculas y minusculas)" type="kotlin.NotImplementedError"><![CDATA[kotlin.NotImplementedError: An operation is not implemented: Usar when para verificar si es vocal (a, e, i, o, u mayusculas y minusculas)
	at edu.etec.ds.fundamentos.Ejercicio6Kt.esVocal(Ejercicio6.kt:36)
	at edu.etec.ds.fundamentos.Ejercicio6Test.testWhenMultipleCondiciones(Ejercicio6Test.kt:106)
	at java.base/java.lang.reflect.Method.invoke(Method.java:580)
	at java.base/java.util.ArrayList.forEach(ArrayList.java:1596)
	at java.base/java.util.ArrayList.forEach(ArrayList.java:1596)
]]></error>
  </testcase>
  <testcase name="testWhenEsPrimo" classname="edu.etec.ds.fundamentos.Ejercicio6Test" time="0.0">
    <error message="An operation is not implemented: Usar when para determinar si un numero es primo (mayor a 1 divisible solo por 1 y si mismo)" type="kotlin.NotImplementedError"><![CDATA[kotlin.NotImplementedError: An operation is not implemented: Usar when para determinar si un numero es primo (mayor a 1 divisible solo por 1 y si mismo)
	at edu.etec.ds.fundamentos.Ejercicio6Kt.esPrimo(Ejercicio6.kt:40)
	at edu.etec.ds.fundamentos.Ejercicio6Test.testWhenEsPrimo(Ejercicio6Test.kt:114)
	at java.base/java.lang.reflect.Method.invoke(Method.java:580)
	at java.base/java.util.ArrayList.forEach(ArrayList.java:1596)
	at java.base/java.util.ArrayList.forEach(ArrayList.java:1596)
]]></error>
  </testcase>
</testsuite>