<?xml version="1.0" encoding="UTF-8"?>
<testsuite xmlns:xsi="http://www.w3.org/2001/XMLSchema-instance" xsi:noNamespaceSchemaLocation="https://maven.apache.org/surefire/maven-surefire-plugin/xsd/surefire-test-report.xsd" version="3.0.2" name="edu.etec.ds.fundamentos.Ejercicio4Test" time="0.01" tests="15" errors="15" skipped="0" failures="0">
  <properties>
[...]
</properties>
  <testcase name="testCalculadoraSimple" classname="edu.etec.ds.fundamentos.Ejercicio4Test" time="0.0">
    <error message="An operation is not implemented: Realizar operacion: + - * /. Retornar 0.0 si division por cero u operador invalido" type="kotlin.NotImplementedError"><![CDATA[kotlin.NotImplementedError: An operation is not implemented: Realizar operacion: + - * /. Retornar 0.0 si division por cero u operador invalido
	at edu.etec.ds.fundamentos.Ejercicio4Kt.calcular(Ejercicio4.kt:20)
	at edu.etec.ds.fundamentos.Ejercicio4Test.testCalculadoraSimple(Ejercicio4Test.kt:82)
	at java.base/java.lang.reflect.Method.invoke(Method.java:580)
	at java.base/java.util.ArrayList.forEach(ArrayList.java:1596)
	at java.base/java.util.ArrayList.forEach(ArrayList.java:1596)
]]></error>
  </testcase>
  <testcase name="testExpresionIfSinDescuento" classname="edu.etec.ds.fundamentos.Ejercicio4Test" time="0.0">
    <error message="An operation is not implemented: Retornar descuento: 10% si monto &gt;= 100, 20% si &gt;= 150, 30% si &gt;= 200, sino 0%" type="kotlin.NotImplementedError"><![CDATA[kotlin.NotImplementedError: An operation is not implemented: Retornar descuento: 10% si monto >= 100, 20% si >= 150, 30% si >= 200, sino 0%
	at edu.etec.ds.fundamentos.Ejercicio4Kt.obtenerDescuento(Ejercicio4.kt:16)
	at edu.etec.ds.fundamentos.Ejercicio4Test.testExpresionIfSinDescuento(Ejercicio4Test.kt:70)
	at java.base/java.lang.reflect.Method.invoke(Method.java:580)
	at java.base/java.util.ArrayList.forEach(ArrayList.java:1596)
	at java.base/java.util.ArrayList.forEach(ArrayList.java:1596)
]]></error>
  </testcase>
  <testcase name="testCalculadoraDivisionCero" classname="edu.etec.ds.fundamentos.Ejercicio4Test" time="0.001">
    <error message="An operation is not implemented: Realizar operacion: + - * /. Retornar 0.0 si division por cero u operador invalido" type="kotlin.NotImplementedError"><![CDATA[kotlin.NotImplementedError: An operation is not implemented: Realizar operacion: + - * /. Retornar 0.0 si division por cero u operador invalido
	at edu.etec.ds.fundamentos.Ejercicio4Kt.calcular(Ejercicio4.kt:20)
	at edu.etec.ds.fundamentos.Ejercicio4Test.testCalculadoraDivisionCero(Ejercicio4Test.kt:90)
	at java.base/java.lang.reflect.Method.invoke(Method.java:580)
	at java.base/java.util.ArrayList.forEach(ArrayList.java:1596)
	at java.base/java.util.ArrayList.forEach(ArrayList.java:1596)
]]></error>
  </testcase>
  <testcase name="testExpresionIfMayor" classname="edu.etec.ds.fundamentos.Ejercicio4Test" time="0.0">
    <error message="An operation is not implemented: Retornar descuento: 10% si monto &gt;= 100, 20% si &gt;= 150, 30% si &gt;= 200, sino 0%" type="kotlin.NotImplementedError"><![CDATA[kotlin.NotImplementedError: An operation is not implemented: Retornar descuento: 10% si monto >= 100, 20% si >= 150, 30% si >= 200, sino 0%
	at edu.etec.ds.fundamentos.Ejercicio4Kt.obtenerDescuento(Ejercicio4.kt:16)
	at edu.etec.ds.fundamentos.Ejercicio4Test.testExpresionIfMayor(Ejercicio4Test.kt:76)
	at java.base/java.lang.reflect.Method.invoke(Method.java:580)
	at java.base/java.util.ArrayList.forEach(ArrayList.java:1596)
	at java.base/java.util.ArrayList.forEach(ArrayList.java:1596)
]]></error>
  </testcase>
  <testcase name="testCondicionalAnidadoMayor" classname="edu.etec.ds.fundamentos.Ejercicio4Test" time="0.0">
    <error message="An operation is not implemented: Menor de edad: &lt; 18, Adulto: 18-65, Adulto mayor: &gt; 65" type="kotlin.NotImplementedError"><![CDATA[kotlin.NotImplementedError: An operation is not implemented: Menor de edad: < 18, Adulto: 18-65, Adulto mayor: > 65
	at edu.etec.ds.fundamentos.Ejercicio4Kt.evaluarEdad(Ejercicio4.kt:12)
	at edu.etec.ds.fundamentos.Ejercicio4Test.testCondicionalAnidadoMayor(Ejercicio4Test.kt:58)
	at java.base/java.lang.reflect.Method.invoke(Method.java:580)
	at java.base/java.util.ArrayList.forEach(ArrayList.java:1596)
	at java.base/java.util.ArrayList.forEach(ArrayList.java:1596)
]]></error>
  </testcase>
  <testcase name="testCondicionalAnidadoMenor" classname="edu.etec.ds.fundamentos.Ejercicio4Test" time="0.001">
    <error message="An operation is not implemented: Menor de edad: &lt; 18, Adulto: 18-65, Adulto mayor: &gt; 65" type="kotlin.NotImplementedError"><![CDATA[kotlin.NotImplementedError: An operation is not implemented: Menor de edad: < 18, Adulto: 18-65, Adulto mayor: > 65
	at edu.etec.ds.fundamentos.Ejercicio4Kt.evaluarEdad(Ejercicio4.kt:12)
	at edu.etec.ds.fundamentos.Ejercicio4Test.testCondicionalAnidadoMenor(Ejercicio4Test.kt:52)
	at java.base/java.lang.reflect.Method.invoke(Method.java:580)
	at java.base/java.util.ArrayList.forEach(ArrayList.java:1596)
	at java.base/java.util.ArrayList.forEach(ArrayList.java:1596)
]]></error>
  </testcase>
  <testcase name="testCondicionalNegativo" classname="edu.etec.ds.fundamentos.Ejercicio4Test" time="0.0">
    <error message="An operation is not implemented: Retornar &quot;Positivo&quot; si numero &gt; 0, sino &quot;No positivo&quot;" type="kotlin.NotImplementedError"><![CDATA[kotlin.NotImplementedError: An operation is not implemented: Retornar "Positivo" si numero > 0, sino "No positivo"
	at edu.etec.ds.fundamentos.Ejercicio4Kt.evaluarPositivo(Ejercicio4.kt:4)
	at edu.etec.ds.fundamentos.Ejercicio4Test.testCondicionalNegativo(Ejercicio4Test.kt:16)
	at java.base/java.lang.reflect.Method.invoke(Method.java:580)
	at java.base/java.util.ArrayList.forEach(ArrayList.java:1596)
	at java.base/java.util.ArrayList.forEach(ArrayList.java:1596)
]]></error>
  </testcase>
  <testcase name="testExpresionIf" classname="edu.etec.ds.fundamentos.Ejercicio4Test" time="0.001">
    <error message="An operation is not implemented: Retornar descuento: 10% si monto &gt;= 100, 20% si &gt;= 150, 30% si &gt;= 200, sino 0%" type="kotlin.NotImplementedError"><![CDATA[kotlin.NotImplementedError: An operation is not implemented: Retornar descuento: 10% si monto >= 100, 20% si >= 150, 30% si >= 200, sino 0%
	at edu.etec.ds.fundamentos.Ejercicio4Kt.obtenerDescuento(Ejercicio4.kt:16)
	at edu.etec.ds.fundamentos.Ejercicio4Test.testExpresionIf(Ejercicio4Test.kt:64)
	at java.base/java.lang.reflect.Method.invoke(Method.java:580)
	at java.base/java.util.ArrayList.forEach(ArrayList.java:1596)
	at java.base/java.util.ArrayList.forEach(ArrayList.java:1596)
]]></error>
  </testcase>
  <testcase name="testCondicionalCero" classname="edu.etec.ds.fundamentos.Ejercicio4Test" time="0.0">
    <error message="An operation is not implemented: Retornar &quot;Positivo&quot; si numero &gt; 0, sino &quot;No positivo&quot;" type="kotlin.NotImplementedError"><![CDATA[kotlin.NotImplementedError: An operation is not implemented: Retornar "Positivo" si numero > 0, sino "No positivo"
	at edu.etec.ds.fundamentos.Ejercicio4Kt.evaluarPositivo(Ejercicio4.kt:4)
	at edu.etec.ds.fundamentos.Ejercicio4Test.testCondicionalCero(Ejercicio4Test.kt:22)
	at java.base/java.lang.reflect.Method.invoke(Method.java:580)
	at java.base/java.util.ArrayList.forEach(ArrayList.java:1596)
	at java.base/java.util.ArrayList.forEach(ArrayList.java:1596)
]]></error>
  </testcase>
  <testcase name="testCalculadoraOperadorInvalido" classname="edu.etec.ds.fundamentos.Ejercicio4Test" time="0.0">
    <error message="An operation is not implemented: Realizar operacion: + - * /. Retornar 0.0 si division por cero u operador invalido" type="kotlin.NotImplementedError"><![CDATA[kotlin.NotImplementedError: An operation is not implemented: Realizar operacion: + - * /. Retornar 0.0 si division por cero u operador invalido
	at edu.etec.ds.fundamentos.Ejercicio4Kt.calcular(Ejercicio4.kt:20)
	at edu.etec.ds.fundamentos.Ejercicio4Test.testCalculadoraOperadorInvalido(Ejercicio4Test.kt:96)
	at java.base/java.lang.reflect.Method.invoke(Method.java:580)
	at java.base/java.util.ArrayList.forEach(ArrayList.java:1596)
	at java.base/java.util.ArrayList.forEach(ArrayList.java:1596)
]]></error>
  </testcase>
  <testcase name="testCondicionalIfElse" classname="edu.etec.ds.fundamentos.Ejercicio4Test" time="0.001">
    <error message="An operation is not implemented: Clasificar: Mayor a 10, Menor a 10, o Igual a 10" type="kotlin.NotImplementedError"><![CDATA[kotlin.NotImplementedError: An operation is not implemented: Clasificar: Mayor a 10, Menor a 10, o Igual a 10
	at edu.etec.ds.fundamentos.Ejercicio4Kt.clasificarNumero(Ejercicio4.kt:8)
	at edu.etec.ds.fundamentos.Ejercicio4Test.testCondicionalIfElse(Ejercicio4Test.kt:28)
	at java.base/java.lang.reflect.Method.invoke(Method.java:580)
	at java.base/java.util.ArrayList.forEach(ArrayList.java:1596)
	at java.base/java.util.ArrayList.forEach(ArrayList.java:1596)
]]></error>
  </testcase>
  <testcase name="testCondicionalSimple" classname="edu.etec.ds.fundamentos.Ejercicio4Test" time="0.0">
    <error message="An operation is not implemented: Retornar &quot;Positivo&quot; si numero &gt; 0, sino &quot;No positivo&quot;" type="kotlin.NotImplementedError"><![CDATA[kotlin.NotImplementedError: An operation is not implemented: Retornar "Positivo" si numero > 0, sino "No positivo"
	at edu.etec.ds.fundamentos.Ejercicio4Kt.evaluarPositivo(Ejercicio4.kt:4)
	at edu.etec.ds.fundamentos.Ejercicio4Test.testCondicionalSimple(Ejercicio4Test.kt:10)
	at java.base/java.lang.reflect.Method.invoke(Method.java:580)
	at java.base/java.util.ArrayList.forEach(ArrayList.java:1596)
	at java.base/java.util.ArrayList.forEach(ArrayList.java:1596)
]]></error>
  </testcase>
  <testcase name="testCondicionalIfElseIgual" classname="edu.etec.ds.fundamentos.Ejercicio4Test" time="0.0">
    <error message="An operation is not implemented: Clasificar: Mayor a 10, Menor a 10, o Igual a 10" type="kotlin.NotImplementedError"><![CDATA[kotlin.NotImplementedError: An operation is not implemented: Clasificar: Mayor a 10, Menor a 10, o Igual a 10
	at edu.etec.ds.fundamentos.Ejercicio4Kt.clasificarNumero(Ejercicio4.kt:8)
	at edu.etec.ds.fundamentos.Ejercicio4Test.testCondicionalIfElseIgual(Ejercicio4Test.kt:40)
	at java.base/java.lang.reflect.Method.invoke(Method.java:580)
	at java.base/java.util.ArrayList.forEach(ArrayList.java:1596)
	at java.base/java.util.ArrayList.forEach(ArrayList.java:1596)
]]></error>
  </testcase>
  <testcase name="testCondicionalIfElseMenor" classname="edu.etec.ds.fundamentos.Ejercicio4Test" time="0.001">
    <error message="An operation is not implemented: Clasificar: Mayor a 10, Menor a 10, o Igual a 10" type="kotlin.NotImplementedError"><![CDATA[kotlin.NotImplementedError: An operation is not implemented: Clasificar: Mayor a 10, Menor a 10, o Igual a 10
	at edu.etec.ds.fundamentos.Ejercicio4Kt.clasificarNumero(Ejercicio4.kt:8)
	at edu.etec.ds.fundamentos.Ejercicio4Test.testCondicionalIfElseMenor(Ejercicio4Test.kt:34)
	at java.base/java.lang.reflect.Method.invoke(Method.java:580)
	at java.base/java.util.ArrayList.forEach(ArrayList.java:1596)
	at java.base/java.util.ArrayList.forEach(ArrayList.java:1596)
]]></error>
  </testcase>
  <testcase name="testCondicionalAnidado" classname="edu.etec.ds.fundamentos.Ejercicio4Test" time="0.0">
    <error message="An operation is not implemented: Menor de edad: &lt; 18, Adulto: 18-65, Adulto mayor: &gt; 65" type="kotlin.NotImplementedError"><![CDATA[kotlin.NotImplementedError: An operation is not implemented: Menor de edad: < 18, Adulto: 18-65, Adulto mayor: > 65
	at edu.etec.ds.fundamentos.Ejercicio4Kt.evaluarEdad(Ejercicio4.kt:12)
	at edu.etec.ds.fundamentos.Ejercicio4Test.testCondicionalAnidado(Ejercicio4Test.kt:46)
	at java.base/java.lang.reflect.Method.invoke(Method.java:580)
	at java.base/java.util.ArrayList.forEach(ArrayList.java:1596)
	at java.base/java.util.ArrayList.forEach(ArrayList.java:1596)
]]></error>
  </testcase>
</testsuite>