<?xml version="1.0" encoding="UTF-8"?>
<testsuite xmlns:xsi="http://www.w3.org/2001/XMLSchema-instance" xsi:noNamespaceSchemaLocation="https://maven.apache.org/surefire/maven-surefire-plugin/xsd/surefire-test-report.xsd" version="3.0.2" name="edu.etec.ds.fundamentos.Ejercicio1Test" time="0.01" tests="15" errors="15" skipped="0" failures="0">
  <properties>
[...]
</properties>
  <testcase name="testVerificarImpar" classname="edu.etec.ds.fundamentos.Ejercicio1Test" time="0.001">
    <error message="An operation is not implemented: Retornar true si el numero es impar" type="kotlin.NotImplementedError"><![CDATA[kotlin.NotImplementedError: An operation is not implemented: Retornar true si el numero es impar
	at edu.etec.ds.fundamentos.Ejercicio1Kt.esImpar(Ejercicio1.kt:40)
	at edu.etec.ds.fundamentos.Ejercicio1Test.testVerificarImpar(Ejercicio1Test.kt:78)
	at java.base/java.lang.reflect.Method.invoke(Method.java:580)
	at java.base/java.util.ArrayList.forEach(ArrayList.java:1596)
	at java.base/java.util.ArrayList.forEach(ArrayList.java:1596)
]]></error>
  </testcase>
  <testcase name="testSumaDosEnteros" classname="edu.etec.ds.fundamentos.Ejercicio1Test" time="0.0">
    <error message="An operation is not implemented: Implementar suma de dos enteros" type="kotlin.NotImplementedError"><![CDATA[kotlin.NotImplementedError: An operation is not implemented: Implementar suma de dos enteros
	at edu.etec.ds.fundamentos.Ejercicio1Kt.suma(Ejercicio1.kt:4)
	at edu.etec.ds.fundamentos.Ejercicio1Test.testSumaDosEnteros(Ejercicio1Test.kt:12)
	at java.base/java.lang.reflect.Method.invoke(Method.java:580)
	at java.base/java.util.ArrayList.forEach(ArrayList.java:1596)
	at java.base/java.util.ArrayList.forEach(ArrayList.java:1596)
]]></error>
  </testcase>
  <testcase name="testMaximoEntreDos" classname="edu.etec.ds.fundamentos.Ejercicio1Test" time="0.001">
    <error message="An operation is not implemented: Retornar el mayor entre a y b" type="kotlin.NotImplementedError"><![CDATA[kotlin.NotImplementedError: An operation is not implemented: Retornar el mayor entre a y b
	at edu.etec.ds.fundamentos.Ejercicio1Kt.maximo(Ejercicio1.kt:48)
	at edu.etec.ds.fundamentos.Ejercicio1Test.testMaximoEntreDos(Ejercicio1Test.kt:91)
	at java.base/java.lang.reflect.Method.invoke(Method.java:580)
	at java.base/java.util.ArrayList.forEach(ArrayList.java:1596)
	at java.base/java.util.ArrayList.forEach(ArrayList.java:1596)
]]></error>
  </testcase>
  <testcase name="testDivisionDosEnteros" classname="edu.etec.ds.fundamentos.Ejercicio1Test" time="0.001">
    <error message="An operation is not implemented: Implementar division entera de dos enteros" type="kotlin.NotImplementedError"><![CDATA[kotlin.NotImplementedError: An operation is not implemented: Implementar division entera de dos enteros
	at edu.etec.ds.fundamentos.Ejercicio1Kt.division(Ejercicio1.kt:16)
	at edu.etec.ds.fundamentos.Ejercicio1Test.testDivisionDosEnteros(Ejercicio1Test.kt:36)
	at java.base/java.lang.reflect.Method.invoke(Method.java:580)
	at java.base/java.util.ArrayList.forEach(ArrayList.java:1596)
	at java.base/java.util.ArrayList.forEach(ArrayList.java:1596)
]]></error>
  </testcase>
  <testcase name="testVerificarPar" classname="edu.etec.ds.fundamentos.Ejercicio1Test" time="0.0">
    <error message="An operation is not implemented: Retornar true si el numero es par" type="kotlin.NotImplementedError"><![CDATA[kotlin.NotImplementedError: An operation is not implemented: Retornar true si el numero es par
	at edu.etec.ds.fundamentos.Ejercicio1Kt.esPar(Ejercicio1.kt:36)
	at edu.etec.ds.fundamentos.Ejercicio1Test.testVerificarPar(Ejercicio1Test.kt:72)
	at java.base/java.lang.reflect.Method.invoke(Method.java:580)
	at java.base/java.util.ArrayList.forEach(ArrayList.java:1596)
	at java.base/java.util.ArrayList.forEach(ArrayList.java:1596)
]]></error>
  </testcase>
  <testcase name="testMinimoEntreDos" classname="edu.etec.ds.fundamentos.Ejercicio1Test" time="0.001">
    <error message="An operation is not implemented: Retornar el menor entre a y b" type="kotlin.NotImplementedError"><![CDATA[kotlin.NotImplementedError: An operation is not implemented: Retornar el menor entre a y b
	at edu.etec.ds.fundamentos.Ejercicio1Kt.minimo(Ejercicio1.kt:52)
	at edu.etec.ds.fundamentos.Ejercicio1Test.testMinimoEntreDos(Ejercicio1Test.kt:97)
	at java.base/java.lang.reflect.Method.invoke(Method.java:580)
	at java.base/java.util.ArrayList.forEach(ArrayList.java:1596)
	at java.base/java.util.ArrayList.forEach(ArrayList.java:1596)
]]></error>
  </testcase>
  <testcase name="testRestaDosEnteros" classname="edu.etec.ds.fundamentos.Ejercicio1Test" time="0.001">
    <error message="An operation is not implemented: Implementar resta de dos enteros" type="kotlin.NotImplementedError"><![CDATA[kotlin.NotImplementedError: An operation is not implemented: Implementar resta de dos enteros
	at edu.etec.ds.fundamentos.Ejercicio1Kt.resta(Ejercicio1.kt:8)
	at edu.etec.ds.fundamentos.Ejercicio1Test.testRestaDosEnteros(Ejercicio1Test.kt:24)
	at java.base/java.lang.reflect.Method.invoke(Method.java:580)
	at java.base/java.util.ArrayList.forEach(ArrayList.java:1596)
	at java.base/java.util.ArrayList.forEach(ArrayList.java:1596)
]]></error>
  </testcase>
  <testcase name="testCompararIguales" classname="edu.etec.ds.fundamentos.Ejercicio1Test" time="0.0">
    <error message="An operation is not implemented: Retornar true si a y b son iguales" type="kotlin.NotImplementedError"><![CDATA[kotlin.NotImplementedError: An operation is not implemented: Retornar true si a y b son iguales
	at edu.etec.ds.fundamentos.Ejercicio1Kt.sonIguales(Ejercicio1.kt:32)
	at edu.etec.ds.fundamentos.Ejercicio1Test.testCompararIguales(Ejercicio1Test.kt:66)
	at java.base/java.lang.reflect.Method.invoke(Method.java:580)
	at java.base/java.util.ArrayList.forEach(ArrayList.java:1596)
	at java.base/java.util.ArrayList.forEach(ArrayList.java:1596)
]]></error>
  </testcase>
  <testcase name="testCompararMenorQue" classname="edu.etec.ds.fundamentos.Ejercicio1Test" time="0.001">
    <error message="An operation is not implemented: Retornar true si a es menor que b" type="kotlin.NotImplementedError"><![CDATA[kotlin.NotImplementedError: An operation is not implemented: Retornar true si a es menor que b
	at edu.etec.ds.fundamentos.Ejercicio1Kt.esMenorQue(Ejercicio1.kt:28)
	at edu.etec.ds.fundamentos.Ejercicio1Test.testCompararMenorQue(Ejercicio1Test.kt:60)
	at java.base/java.lang.reflect.Method.invoke(Method.java:580)
	at java.base/java.util.ArrayList.forEach(ArrayList.java:1596)
	at java.base/java.util.ArrayList.forEach(ArrayList.java:1596)
]]></error>
  </testcase>
  <testcase name="testDivisionEntera" classname="edu.etec.ds.fundamentos.Ejercicio1Test" time="0.0">
    <error message="An operation is not implemented: Implementar division entera de dos enteros" type="kotlin.NotImplementedError"><![CDATA[kotlin.NotImplementedError: An operation is not implemented: Implementar division entera de dos enteros
	at edu.etec.ds.fundamentos.Ejercicio1Kt.division(Ejercicio1.kt:16)
	at edu.etec.ds.fundamentos.Ejercicio1Test.testDivisionEntera(Ejercicio1Test.kt:42)
	at java.base/java.lang.reflect.Method.invoke(Method.java:580)
	at java.base/java.util.ArrayList.forEach(ArrayList.java:1596)
	at java.base/java.util.ArrayList.forEach(ArrayList.java:1596)
]]></error>
  </testcase>
  <testcase name="testMultiplicacionDosEnteros" classname="edu.etec.ds.fundamentos.Ejercicio1Test" time="0.0">
    <error message="An operation is not implemented: Implementar multiplicacion de dos enteros" type="kotlin.NotImplementedError"><![CDATA[kotlin.NotImplementedError: An operation is not implemented: Implementar multiplicacion de dos enteros
	at edu.etec.ds.fundamentos.Ejercicio1Kt.multiplicacion(Ejercicio1.kt:12)
	at edu.etec.ds.fundamentos.Ejercicio1Test.testMultiplicacionDosEnteros(Ejercicio1Test.kt:30)
	at java.base/java.lang.reflect.Method.invoke(Method.java:580)
	at java.base/java.util.ArrayList.forEach(ArrayList.java:1596)
	at java.base/java.util.ArrayList.forEach(ArrayList.java:1596)
]]></error>
  </testcase>
  <testcase name="testSumaConNegativos" classname="edu.etec.ds.fundamentos.Ejercicio1Test" time="0.0">
    <error message="An operation is not implemented: Implementar suma de dos enteros" type="kotlin.NotImplementedError"><![CDATA[kotlin.NotImplementedError: An operation is not implemented: Implementar suma de dos enteros
	at edu.etec.ds.fundamentos.Ejercicio1Kt.suma(Ejercicio1.kt:4)
	at edu.etec.ds.fundamentos.Ejercicio1Test.testSumaConNegativos(Ejercicio1Test.kt:18)
	at java.base/java.lang.reflect.Method.invoke(Method.java:580)
	at java.base/java.util.ArrayList.forEach(ArrayList.java:1596)
	at java.base/java.util.ArrayList.forEach(ArrayList.java:1596)
]]></error>
  </testcase>
  <testcase name="testModulo" classname="edu.etec.ds.fundamentos.Ejercicio1Test" time="0.0">
    <error message="An operation is not implemented: Implementar modulo de dos enteros" type="kotlin.NotImplementedError"><![CDATA[kotlin.NotImplementedError: An operation is not implemented: Implementar modulo de dos enteros
	at edu.etec.ds.fundamentos.Ejercicio1Kt.modulo(Ejercicio1.kt:20)
	at edu.etec.ds.fundamentos.Ejercicio1Test.testModulo(Ejercicio1Test.kt:48)
	at java.base/java.lang.reflect.Method.invoke(Method.java:580)
	at java.base/java.util.ArrayList.forEach(ArrayList.java:1596)
	at java.base/java.util.ArrayList.forEach(ArrayList.java:1596)
]]></error>
  </testcase>
  <testcase name="testCompararMayorQue" classname="edu.etec.ds.fundamentos.Ejercicio1Test" time="0.001">
    <error message="An operation is not implemented: Retornar true si a es mayor que b" type="kotlin.NotImplementedError"><![CDATA[kotlin.NotImplementedError: An operation is not implemented: Retornar true si a es mayor que b
	at edu.etec.ds.fundamentos.Ejercicio1Kt.esMayorQue(Ejercicio1.kt:24)
	at edu.etec.ds.fundamentos.Ejercicio1Test.testCompararMayorQue(Ejercicio1Test.kt:54)
	at java.base/java.lang.reflect.Method.invoke(Method.java:580)
	at java.base/java.util.ArrayList.forEach(ArrayList.java:1596)
	at java.base/java.util.ArrayList.forEach(ArrayList.java:1596)
]]></error>
  </testcase>
  <testcase name="testValorAbsoluto" classname="edu.etec.ds.fundamentos.Ejercicio1Test" time="0.001">
    <error message="An operation is not implemented: Retornar el valor absoluto del numero" type="kotlin.NotImplementedError"><![CDATA[kotlin.NotImplementedError: An operation is not implemented: Retornar el valor absoluto del numero
	at edu.etec.ds.fundamentos.Ejercicio1Kt.valorAbsoluto(Ejercicio1.kt:44)
	at edu.etec.ds.fundamentos.Ejercicio1Test.testValorAbsoluto(Ejercicio1Test.kt:84)
	at java.base/java.lang.reflect.Method.invoke(Method.java:580)
	at java.base/java.util.ArrayList.forEach(ArrayList.java:1596)
	at java.base/java.util.ArrayList.forEach(ArrayList.java:1596)
]]></error>
  </testcase>
</testsuite>