<?xml version="1.0" encoding="UTF-8"?>
<testsuite xmlns:xsi="http://www.w3.org/2001/XMLSchema-instance" xsi:noNamespaceSchemaLocation="https://maven.apache.org/surefire/maven-surefire-plugin/xsd/surefire-test-report.xsd" version="3.0.2" name="edu.etec.ds.fundamentos.Ejercicio3Test" time="0.011" tests="14" errors="12" skipped="0" failures="0">
  <properties>
[...]
</properties>
  <testcase name="testFuncionLambda" classname="edu.etec.ds.fundamentos.Ejercicio3Test" time="0.001"/>
  <testcase name="testFuncionConParametrosDefaultPersonalizado" classname="edu.etec.ds.fundamentos.Ejercicio3Test" time="0.003">
    <error message="An operation is not implemented: Retornar &quot;Hola, Pedro!&quot;" type="kotlin.NotImplementedError"><![CDATA[kotlin.NotImplementedError: An operation is not implemented: Retornar "Hola, Pedro!"
	at edu.etec.ds.fundamentos.Ejercicio3Kt.saludarConDefault(Ejercicio3.kt:16)
	at edu.etec.ds.fundamentos.Ejercicio3Test.testFuncionConParametrosDefaultPersonalizado(Ejercicio3Test.kt:34)
	at java.base/java.lang.reflect.Method.invoke(Method.java:580)
	at java.base/java.util.ArrayList.forEach(ArrayList.java:1596)
	at java.base/java.util.ArrayList.forEach(ArrayList.java:1596)
]]></error>
  </testcase>
  <testcase name="testFuncionLambdaSumar" classname="edu.etec.ds.fundamentos.Ejercicio3Test" time="0.001"/>
  <testcase name="testFuncionAnonima" classname="edu.etec.ds.fundamentos.Ejercicio3Test" time="0.0">
    <error message="An operation is not implemented: Aplicar una operacion lambda a dos numeros" type="kotlin.NotImplementedError"><![CDATA[kotlin.NotImplementedError: An operation is not implemented: Aplicar una operacion lambda a dos numeros
	at edu.etec.ds.fundamentos.Ejercicio3Kt.aplicarOperacion(Ejercicio3.kt:48)
	at edu.etec.ds.fundamentos.Ejercicio3Test.testFuncionAnonima(Ejercicio3Test.kt:70)
	at java.base/java.lang.reflect.Method.invoke(Method.java:580)
	at java.base/java.util.ArrayList.forEach(ArrayList.java:1596)
	at java.base/java.util.ArrayList.forEach(ArrayList.java:1596)
]]></error>
  </testcase>
  <testcase name="testFuncionInfix" classname="edu.etec.ds.fundamentos.Ejercicio3Test" time="0.001">
    <error message="An operation is not implemented: Funcion infix para comparar numeros" type="kotlin.NotImplementedError"><![CDATA[kotlin.NotImplementedError: An operation is not implemented: Funcion infix para comparar numeros
	at edu.etec.ds.fundamentos.Ejercicio3Kt.esMayorQue(Ejercicio3.kt:40)
	at edu.etec.ds.fundamentos.Ejercicio3Test.testFuncionInfix(Ejercicio3Test.kt:82)
	at java.base/java.lang.reflect.Method.invoke(Method.java:580)
	at java.base/java.util.ArrayList.forEach(ArrayList.java:1596)
	at java.base/java.util.ArrayList.forEach(ArrayList.java:1596)
]]></error>
  </testcase>
  <testcase name="testFuncionConUnParametro" classname="edu.etec.ds.fundamentos.Ejercicio3Test" time="0.0">
    <error message="An operation is not implemented: Retornar &quot;Hola, Ana!&quot;" type="kotlin.NotImplementedError"><![CDATA[kotlin.NotImplementedError: An operation is not implemented: Retornar "Hola, Ana!"
	at edu.etec.ds.fundamentos.Ejercicio3Kt.saludarConNombre(Ejercicio3.kt:8)
	at edu.etec.ds.fundamentos.Ejercicio3Test.testFuncionConUnParametro(Ejercicio3Test.kt:16)
	at java.base/java.lang.reflect.Method.invoke(Method.java:580)
	at java.base/java.util.ArrayList.forEach(ArrayList.java:1596)
	at java.base/java.util.ArrayList.forEach(ArrayList.java:1596)
]]></error>
  </testcase>
  <testcase name="testFuncionExtension" classname="edu.etec.ds.fundamentos.Ejercicio3Test" time="0.001">
    <error message="An operation is not implemented: Extension para contar caracteres de un String" type="kotlin.NotImplementedError"><![CDATA[kotlin.NotImplementedError: An operation is not implemented: Extension para contar caracteres de un String
	at edu.etec.ds.fundamentos.Ejercicio3Kt.cuentaCaracteres(Ejercicio3.kt:36)
	at edu.etec.ds.fundamentos.Ejercicio3Test.testFuncionExtension(Ejercicio3Test.kt:77)
	at java.base/java.lang.reflect.Method.invoke(Method.java:580)
	at java.base/java.util.ArrayList.forEach(ArrayList.java:1596)
	at java.base/java.util.ArrayList.forEach(ArrayList.java:1596)
]]></error>
  </testcase>
  <testcase name="testFuncionSinParametros" classname="edu.etec.ds.fundamentos.Ejercicio3Test" time="0.0">
    <error message="An operation is not implemented: Retornar &quot;Hola, bienvenido!&quot;" type="kotlin.NotImplementedError"><![CDATA[kotlin.NotImplementedError: An operation is not implemented: Retornar "Hola, bienvenido!"
	at edu.etec.ds.fundamentos.Ejercicio3Kt.saludar(Ejercicio3.kt:4)
	at edu.etec.ds.fundamentos.Ejercicio3Test.testFuncionSinParametros(Ejercicio3Test.kt:10)
	at java.base/java.lang.reflect.Method.invoke(Method.java:580)
	at java.base/java.util.ArrayList.forEach(ArrayList.java:1596)
	at java.base/java.util.ArrayList.forEach(ArrayList.java:1596)
]]></error>
  </testcase>
  <testcase name="testFuncionVarargs" classname="edu.etec.ds.fundamentos.Ejercicio3Test" time="0.0">
    <error message="An operation is not implemented: Sumar todos los numeros pasados como varargs" type="kotlin.NotImplementedError"><![CDATA[kotlin.NotImplementedError: An operation is not implemented: Sumar todos los numeros pasados como varargs
	at edu.etec.ds.fundamentos.Ejercicio3Kt.sumarTodos(Ejercicio3.kt:44)
	at edu.etec.ds.fundamentos.Ejercicio3Test.testFuncionVarargs(Ejercicio3Test.kt:88)
	at java.base/java.lang.reflect.Method.invoke(Method.java:580)
	at java.base/java.util.ArrayList.forEach(ArrayList.java:1596)
	at java.base/java.util.ArrayList.forEach(ArrayList.java:1596)
]]></error>
  </testcase>
  <testcase name="testFuncionUnit" classname="edu.etec.ds.fundamentos.Ejercicio3Test" time="0.001">
    <error message="An operation is not implemented: Esta funcion no retorna nada" type="kotlin.NotImplementedError"><![CDATA[kotlin.NotImplementedError: An operation is not implemented: Esta funcion no retorna nada
	at edu.etec.ds.fundamentos.Ejercicio3Kt.funcionSinRetorno(Ejercicio3.kt:24)
	at edu.etec.ds.fundamentos.Ejercicio3Test.testFuncionUnit(Ejercicio3Test.kt:46)
	at java.base/java.lang.reflect.Method.invoke(Method.java:580)
	at java.base/java.util.ArrayList.forEach(ArrayList.java:1596)
	at java.base/java.util.ArrayList.forEach(ArrayList.java:1596)
]]></error>
  </testcase>
  <testcase name="testFuncionSingleExpression" classname="edu.etec.ds.fundamentos.Ejercicio3Test" time="0.0">
    <error message="An operation is not implemented: Retornar el cuadrado del numero" type="kotlin.NotImplementedError"><![CDATA[kotlin.NotImplementedError: An operation is not implemented: Retornar el cuadrado del numero
	at edu.etec.ds.fundamentos.Ejercicio3Kt.cuadrado(Ejercicio3.kt:28)
	at edu.etec.ds.fundamentos.Ejercicio3Test.testFuncionSingleExpression(Ejercicio3Test.kt:52)
	at java.base/java.lang.reflect.Method.invoke(Method.java:580)
	at java.base/java.util.ArrayList.forEach(ArrayList.java:1596)
	at java.base/java.util.ArrayList.forEach(ArrayList.java:1596)
]]></error>
  </testcase>
  <testcase name="testFuncionConParametrosDefault" classname="edu.etec.ds.fundamentos.Ejercicio3Test" time="0.001">
    <error message="An operation is not implemented: Retornar &quot;Hola, Usuario!&quot;" type="kotlin.NotImplementedError"><![CDATA[kotlin.NotImplementedError: An operation is not implemented: Retornar "Hola, Usuario!"
	at edu.etec.ds.fundamentos.Ejercicio3Kt.saludarConDefault(Ejercicio3.kt:16)
	at edu.etec.ds.fundamentos.Ejercicio3Kt.saludarConDefault$default(Ejercicio3.kt:15)
	at edu.etec.ds.fundamentos.Ejercicio3Test.testFuncionConParametrosDefault(Ejercicio3Test.kt:28)
	at java.base/java.lang.reflect.Method.invoke(Method.java:580)
	at java.base/java.util.ArrayList.forEach(ArrayList.java:1596)
	at java.base/java.util.ArrayList.forEach(ArrayList.java:1596)
]]></error>
  </testcase>
  <testcase name="testFuncionConParametrosNombrados" classname="edu.etec.ds.fundamentos.Ejercicio3Test" time="0.001">
    <error message="An operation is not implemented: Retornar &quot;Hola, Dra. Lucía&quot;" type="kotlin.NotImplementedError"><![CDATA[kotlin.NotImplementedError: An operation is not implemented: Retornar "Hola, Dra. Lucía"
	at edu.etec.ds.fundamentos.Ejercicio3Kt.crearSaludo(Ejercicio3.kt:20)
	at edu.etec.ds.fundamentos.Ejercicio3Test.testFuncionConParametrosNombrados(Ejercicio3Test.kt:40)
	at java.base/java.lang.reflect.Method.invoke(Method.java:580)
	at java.base/java.util.ArrayList.forEach(ArrayList.java:1596)
	at java.base/java.util.ArrayList.forEach(ArrayList.java:1596)
]]></error>
  </testcase>
  <testcase name="testFuncionConDosParametros" classname="edu.etec.ds.fundamentos.Ejercicio3Test" time="0.0">
    <error message="An operation is not implemented: Retornar &quot;Hola, Juan  García!&quot;" type="kotlin.NotImplementedError"><![CDATA[kotlin.NotImplementedError: An operation is not implemented: Retornar "Hola, Juan  García!"
	at edu.etec.ds.fundamentos.Ejercicio3Kt.saludarPersona(Ejercicio3.kt:12)
	at edu.etec.ds.fundamentos.Ejercicio3Test.testFuncionConDosParametros(Ejercicio3Test.kt:22)
	at java.base/java.lang.reflect.Method.invoke(Method.java:580)
	at java.base/java.util.ArrayList.forEach(ArrayList.java:1596)
	at java.base/java.util.ArrayList.forEach(ArrayList.java:1596)
]]></error>
  </testcase>
</testsuite>