-------------------------------------------------------------------------------
Test set: Ejercicio1MapFilterTest$FilterOperations
-------------------------------------------------------------------------------
Tests run: 3, Failures: 0, Errors: 3, Skipped: 0, Time elapsed: 0.003 s <<< FAILURE! -- in Ejercicio1MapFilterTest$FilterOperations
Ejercicio1MapFilterTest$FilterOperations.filtrarPorRangoDePrecio -- Time elapsed: 0.001 s <<< ERROR!
kotlin.NotImplementedError: An operation is not implemented: Implementar: Debe retornar productos cuyo precio esté entre precioMin y precioMax
	at ProductoManager.filtrarPorPrecio(ProductoManager.kt:47)
	at Ejercicio1MapFilterTest$FilterOperations.filtrarPorRangoDePrecio(Ejercicio1MapFilterTest.kt:102)
	at java.base/java.lang.reflect.Method.invoke(Method.java:580)
	at java.base/java.util.ArrayList.forEach(ArrayList.java:1596)
	at java.base/java.util.ArrayList.forEach(ArrayList.java:1596)
	at java.base/java.util.ArrayList.forEach(ArrayList.java:1596)

Ejercicio1MapFilterTest$FilterOperations.filtrarPorCategoria -- Time elapsed: 0.001 s <<< ERROR!
kotlin.NotImplementedError: An operation is not implemented: Implementar: Debe retornar solo los productos de la categoría especificada
	at ProductoManager.filtrarPorCategoria(ProductoManager.kt:54)
	at Ejercicio1MapFilterTest$FilterOperations.filtrarPorCategoria(Ejercicio1MapFilterTest.kt:119)
	at java.base/java.lang.reflect.Method.invoke(Method.java:580)
	at java.base/java.util.ArrayList.forEach(ArrayList.java:1596)
	at java.base/java.util.ArrayList.forEach(ArrayList.java:1596)
	at java.base/java.util.ArrayList.forEach(ArrayList.java:1596)

Ejercicio1MapFilterTest$FilterOperations.filtrarProductosEnStock -- Time elapsed: 0 s <<< ERROR!
kotlin.NotImplementedError: An operation is not implemented: Implementar: Debe retornar solo los productos que están en stock
	at ProductoManager.obtenerProductosEnStock(ProductoManager.kt:39)
	at Ejercicio1MapFilterTest$FilterOperations.filtrarProductosEnStock(Ejercicio1MapFilterTest.kt:85)
	at java.base/java.lang.reflect.Method.invoke(Method.java:580)
	at java.base/java.util.ArrayList.forEach(ArrayList.java:1596)
	at java.base/java.util.ArrayList.forEach(ArrayList.java:1596)
	at java.base/java.util.ArrayList.forEach(ArrayList.java:1596)

