-------------------------------------------------------------------------------
Test set: Ejercicio2FindAnyAllTest$AllOperations
-------------------------------------------------------------------------------
Tests run: 3, Failures: 0, Errors: 3, Skipped: 0, Time elapsed: 0.031 s <<< FAILURE! -- in Ejercicio2FindAnyAllTest$AllOperations
Ejercicio2FindAnyAllTest$AllOperations.verificarTodasCompletadas -- Time elapsed: 0.022 s <<< ERROR!
kotlin.NotImplementedError: An operation is not implemented: Implementar: Debe verificar si todas las tareas están completadas
	at GestorTareas.todasCompletadas(GestorTareas.kt:69)
	at Ejercicio2FindAnyAllTest$AllOperations.verificarTodasCompletadas(Ejercicio2FindAnyAllTest.kt:160)
	at java.base/java.lang.reflect.Method.invoke(Method.java:580)
	at java.base/java.util.ArrayList.forEach(ArrayList.java:1596)
	at java.base/java.util.ArrayList.forEach(ArrayList.java:1596)
	at java.base/java.util.ArrayList.forEach(ArrayList.java:1596)

Ejercicio2FindAnyAllTest$AllOperations.verificarTiempoEstimado -- Time elapsed: 0.001 s <<< ERROR!
kotlin.NotImplementedError: An operation is not implemented: Implementar: Debe verificar si todas las tareas están dentro del límite de horas
	at GestorTareas.todasDentroDeHoras(GestorTareas.kt:80)
	at Ejercicio2FindAnyAllTest$AllOperations.verificarTiempoEstimado(Ejercicio2FindAnyAllTest.kt:192)
	at java.base/java.lang.reflect.Method.invoke(Method.java:580)
	at java.base/java.util.ArrayList.forEach(ArrayList.java:1596)
	at java.base/java.util.ArrayList.forEach(ArrayList.java:1596)
	at java.base/java.util.ArrayList.forEach(ArrayList.java:1596)

Ejercicio2FindAnyAllTest$AllOperations.verificarTodasTienenEtiquetas -- Time elapsed: 0.001 s <<< ERROR!
kotlin.NotImplementedError: An operation is not implemented: Implementar: Debe verificar si todas las tareas tienen al menos una etiqueta
	at GestorTareas.todasTienenEtiquetas(GestorTareas.kt:73)
	at Ejercicio2FindAnyAllTest$AllOperations.verificarTodasTienenEtiquetas(Ejercicio2FindAnyAllTest.kt:177)
	at java.base/java.lang.reflect.Method.invoke(Method.java:580)
	at java.base/java.util.ArrayList.forEach(ArrayList.java:1596)
	at java.base/java.util.ArrayList.forEach(ArrayList.java:1596)
	at java.base/java.util.ArrayList.forEach(ArrayList.java:1596)

