-------------------------------------------------------------------------------
Test set: Ejercicio4FuncionesComoArgumentosTest$AggregationFunctions
-------------------------------------------------------------------------------
Tests run: 2, Failures: 0, Errors: 2, Skipped: 0, Time elapsed: 0.004 s <<< FAILURE! -- in Ejercicio4FuncionesComoArgumentosTest$AggregationFunctions
Ejercicio4FuncionesComoArgumentosTest$AggregationFunctions.calcularBalance -- Time elapsed: 0.002 s <<< ERROR!
kotlin.NotImplementedError: An operation is not implemented: Implementar: Debe agregar valores usando la función agregadora
	at ProcesadorTransacciones.agregar(ProcesadorTransacciones.kt:69)
	at Ejercicio4FuncionesComoArgumentosTest$AggregationFunctions.calcularBalance(Ejercicio4FuncionesComoArgumentosTest.kt:173)
	at java.base/java.lang.reflect.Method.invoke(Method.java:580)
	at java.base/java.util.ArrayList.forEach(ArrayList.java:1596)
	at java.base/java.util.ArrayList.forEach(ArrayList.java:1596)
	at java.base/java.util.ArrayList.forEach(ArrayList.java:1596)

Ejercicio4FuncionesComoArgumentosTest$AggregationFunctions.agregarConFuncionPersonalizada -- Time elapsed: 0.001 s <<< ERROR!
kotlin.NotImplementedError: An operation is not implemented: Implementar: Debe agregar valores usando la función agregadora
	at ProcesadorTransacciones.agregar(ProcesadorTransacciones.kt:69)
	at Ejercicio4FuncionesComoArgumentosTest$AggregationFunctions.agregarConFuncionPersonalizada(Ejercicio4FuncionesComoArgumentosTest.kt:148)
	at java.base/java.lang.reflect.Method.invoke(Method.java:580)
	at java.base/java.util.ArrayList.forEach(ArrayList.java:1596)
	at java.base/java.util.ArrayList.forEach(ArrayList.java:1596)
	at java.base/java.util.ArrayList.forEach(ArrayList.java:1596)

