-------------------------------------------------------------------------------
Test set: Ejercicio3SortByLambdaTest$SimpleSorting
-------------------------------------------------------------------------------
Tests run: 3, Failures: 0, Errors: 3, Skipped: 0, Time elapsed: 0.002 s <<< FAILURE! -- in Ejercicio3SortByLambdaTest$SimpleSorting
Ejercicio3SortByLambdaTest$SimpleSorting.ordenarPorExperienciaDescendente -- Time elapsed: 0 s <<< ERROR!
kotlin.NotImplementedError: An operation is not implemented: Implementar: Debe ordenar por años de experiencia de mayor a menor
	at SistemaRanking.ordenarPorExperienciaDesc(SistemaRanking.kt:28)
	at Ejercicio3SortByLambdaTest$SimpleSorting.ordenarPorExperienciaDescendente(Ejercicio3SortByLambdaTest.kt:50)
	at java.base/java.lang.reflect.Method.invoke(Method.java:580)
	at java.base/java.util.ArrayList.forEach(ArrayList.java:1596)
	at java.base/java.util.ArrayList.forEach(ArrayList.java:1596)
	at java.base/java.util.ArrayList.forEach(ArrayList.java:1596)

Ejercicio3SortByLambdaTest$SimpleSorting.ordenarPorSalario -- Time elapsed: 0 s <<< ERROR!
kotlin.NotImplementedError: An operation is not implemented: Implementar: Debe ordenar empleados por salario de menor a mayor
	at SistemaRanking.ordenarPorSalario(SistemaRanking.kt:24)
	at Ejercicio3SortByLambdaTest$SimpleSorting.ordenarPorSalario(Ejercicio3SortByLambdaTest.kt:32)
	at java.base/java.lang.reflect.Method.invoke(Method.java:580)
	at java.base/java.util.ArrayList.forEach(ArrayList.java:1596)
	at java.base/java.util.ArrayList.forEach(ArrayList.java:1596)
	at java.base/java.util.ArrayList.forEach(ArrayList.java:1596)

Ejercicio3SortByLambdaTest$SimpleSorting.ordenarAlfabeticamente -- Time elapsed: 0 s <<< ERROR!
kotlin.NotImplementedError: An operation is not implemented: Implementar: Debe ordenar alfabéticamente por nombre
	at SistemaRanking.ordenarPorNombre(SistemaRanking.kt:32)
	at Ejercicio3SortByLambdaTest$SimpleSorting.ordenarAlfabeticamente(Ejercicio3SortByLambdaTest.kt:68)
	at java.base/java.lang.reflect.Method.invoke(Method.java:580)
	at java.base/java.util.ArrayList.forEach(ArrayList.java:1596)
	at java.base/java.util.ArrayList.forEach(ArrayList.java:1596)
	at java.base/java.util.ArrayList.forEach(ArrayList.java:1596)

