-------------------------------------------------------------------------------
Test set: Ejercicio2FindAnyAllTest$FindOperations
-------------------------------------------------------------------------------
Tests run: 4, Failures: 0, Errors: 4, Skipped: 0, Time elapsed: 0.004 s <<< FAILURE! -- in Ejercicio2FindAnyAllTest$FindOperations
Ejercicio2FindAnyAllTest$FindOperations.encontrarTareaPorId -- Time elapsed: 0 s <<< ERROR!
kotlin.NotImplementedError: An operation is not implemented: Implementar: Debe encontrar la tarea con el ID especificado
	at GestorTareas.buscarPorId(GestorTareas.kt:36)
	at Ejercicio2FindAnyAllTest$FindOperations.encontrarTareaPorId(Ejercicio2FindAnyAllTest.kt:51)
	at java.base/java.lang.reflect.Method.invoke(Method.java:580)
	at java.base/java.util.ArrayList.forEach(ArrayList.java:1596)
	at java.base/java.util.ArrayList.forEach(ArrayList.java:1596)
	at java.base/java.util.ArrayList.forEach(ArrayList.java:1596)

Ejercicio2FindAnyAllTest$FindOperations.retornarNullSiNoEncuentra -- Time elapsed: 0.001 s <<< ERROR!
kotlin.NotImplementedError: An operation is not implemented: Implementar: Debe encontrar la tarea con el ID especificado
	at GestorTareas.buscarPorId(GestorTareas.kt:36)
	at Ejercicio2FindAnyAllTest$FindOperations.retornarNullSiNoEncuentra(Ejercicio2FindAnyAllTest.kt:84)
	at java.base/java.lang.reflect.Method.invoke(Method.java:580)
	at java.base/java.util.ArrayList.forEach(ArrayList.java:1596)
	at java.base/java.util.ArrayList.forEach(ArrayList.java:1596)
	at java.base/java.util.ArrayList.forEach(ArrayList.java:1596)

Ejercicio2FindAnyAllTest$FindOperations.encontrarTareaPendienteConEtiqueta -- Time elapsed: 0.001 s <<< ERROR!
kotlin.NotImplementedError: An operation is not implemented: Implementar: Debe encontrar la primera tarea no completada con la etiqueta especificada
	at GestorTareas.encontrarTareaPendienteConEtiqueta(GestorTareas.kt:43)
	at Ejercicio2FindAnyAllTest$FindOperations.encontrarTareaPendienteConEtiqueta(Ejercicio2FindAnyAllTest.kt:68)
	at java.base/java.lang.reflect.Method.invoke(Method.java:580)
	at java.base/java.util.ArrayList.forEach(ArrayList.java:1596)
	at java.base/java.util.ArrayList.forEach(ArrayList.java:1596)
	at java.base/java.util.ArrayList.forEach(ArrayList.java:1596)

Ejercicio2FindAnyAllTest$FindOperations.encontrarPrimeraTareaAltaPrioridad -- Time elapsed: 0.001 s <<< ERROR!
kotlin.NotImplementedError: An operation is not implemented: Implementar: Debe encontrar la primera tarea con prioridad 3
	at GestorTareas.encontrarPrimeraTareaUrgente(GestorTareas.kt:29)
	at Ejercicio2FindAnyAllTest$FindOperations.encontrarPrimeraTareaAltaPrioridad(Ejercicio2FindAnyAllTest.kt:34)
	at java.base/java.lang.reflect.Method.invoke(Method.java:580)
	at java.base/java.util.ArrayList.forEach(ArrayList.java:1596)
	at java.base/java.util.ArrayList.forEach(ArrayList.java:1596)
	at java.base/java.util.ArrayList.forEach(ArrayList.java:1596)

