-------------------------------------------------------------------------------
Test set: Ejercicio5ItScopeFunctionsTest$ItParameter
-------------------------------------------------------------------------------
Tests run: 3, Failures: 0, Errors: 3, Skipped: 0, Time elapsed: 0.003 s <<< FAILURE! -- in Ejercicio5ItScopeFunctionsTest$ItParameter
Ejercicio5ItScopeFunctionsTest$ItParameter.encadenarOperacionesConIt -- Time elapsed: 0 s <<< ERROR!
kotlin.NotImplementedError: An operation is not implemented: Implementar: Limpiar espacios, convertir a minúsculas y filtrar vacíos usando 'it'
	at UsuarioBuilder.procesarTextos(UsuarioBuilder.kt:53)
	at Ejercicio5ItScopeFunctionsTest$ItParameter.encadenarOperacionesConIt(Ejercicio5ItScopeFunctionsTest.kt:59)
	at java.base/java.lang.reflect.Method.invoke(Method.java:580)
	at java.base/java.util.ArrayList.forEach(ArrayList.java:1596)
	at java.base/java.util.ArrayList.forEach(ArrayList.java:1596)
	at java.base/java.util.ArrayList.forEach(ArrayList.java:1596)

Ejercicio5ItScopeFunctionsTest$ItParameter.usarItEnColecciones -- Time elapsed: 0.001 s <<< ERROR!
kotlin.NotImplementedError: An operation is not implemented: Implementar: Filtrar números pares y multiplicarlos por 10, usando 'it'
	at UsuarioBuilder.procesarNumeros(UsuarioBuilder.kt:37)
	at Ejercicio5ItScopeFunctionsTest$ItParameter.usarItEnColecciones(Ejercicio5ItScopeFunctionsTest.kt:27)
	at java.base/java.lang.reflect.Method.invoke(Method.java:580)
	at java.base/java.util.ArrayList.forEach(ArrayList.java:1596)
	at java.base/java.util.ArrayList.forEach(ArrayList.java:1596)
	at java.base/java.util.ArrayList.forEach(ArrayList.java:1596)

Ejercicio5ItScopeFunctionsTest$ItParameter.validarUsandoIt -- Time elapsed: 0.001 s <<< ERROR!
kotlin.NotImplementedError: 
An operation is not implemented: 
            Implementar validación de usuarios usando 'it':
            - Validar que el nombre no esté vacío
            - Validar que el email contenga '@'
            - Validar que tenga al menos un rol
            Retornar lista de validaciones por cada usuario
        
	at UsuarioBuilder.validarUsuarios(UsuarioBuilder.kt:41)
	at Ejercicio5ItScopeFunctionsTest$ItParameter.validarUsandoIt(Ejercicio5ItScopeFunctionsTest.kt:44)
	at java.base/java.lang.reflect.Method.invoke(Method.java:580)
	at java.base/java.util.ArrayList.forEach(ArrayList.java:1596)
	at java.base/java.util.ArrayList.forEach(ArrayList.java:1596)
	at java.base/java.util.ArrayList.forEach(ArrayList.java:1596)

