-------------------------------------------------------------------------------
Test set: Ejercicio5ItScopeFunctionsTest$AlsoFunction
-------------------------------------------------------------------------------
Tests run: 2, Failures: 0, Errors: 2, Skipped: 0, Time elapsed: 0.003 s <<< FAILURE! -- in Ejercicio5ItScopeFunctionsTest$AlsoFunction
Ejercicio5ItScopeFunctionsTest$AlsoFunction.usarAlsoParaValidacion -- Time elapsed: 0 s <<< ERROR!
kotlin.NotImplementedError: 
An operation is not implemented: 
            Implementar usando 'also' para validación:
            - Crear usuario
            - Validar que nombre no esté vacío y email contenga '@'
            - Retornar par (usuario, esValido)
        
	at UsuarioBuilder.crearYValidar(UsuarioBuilder.kt:127)
	at Ejercicio5ItScopeFunctionsTest$AlsoFunction.usarAlsoParaValidacion(Ejercicio5ItScopeFunctionsTest.kt:179)
	at java.base/java.lang.reflect.Method.invoke(Method.java:580)
	at java.base/java.util.ArrayList.forEach(ArrayList.java:1596)
	at java.base/java.util.ArrayList.forEach(ArrayList.java:1596)
	at java.base/java.util.ArrayList.forEach(ArrayList.java:1596)

Ejercicio5ItScopeFunctionsTest$AlsoFunction.usarAlsoParaEfectosSecundarios -- Time elapsed: 0.001 s <<< ERROR!
kotlin.NotImplementedError: 
An operation is not implemented: 
            Implementar usando 'also' para logging:
            - Crear usuario
            - Loggear "Usuario creado: [nombre]"
            - Asignar email y loggear "Email asignado: [email]"
            - Activar usuario y loggear "Usuario activado"
        
	at UsuarioBuilder.crearUsuarioConLog(UsuarioBuilder.kt:112)
	at Ejercicio5ItScopeFunctionsTest$AlsoFunction.usarAlsoParaEfectosSecundarios(Ejercicio5ItScopeFunctionsTest.kt:159)
	at java.base/java.lang.reflect.Method.invoke(Method.java:580)
	at java.base/java.util.ArrayList.forEach(ArrayList.java:1596)
	at java.base/java.util.ArrayList.forEach(ArrayList.java:1596)
	at java.base/java.util.ArrayList.forEach(ArrayList.java:1596)

