-------------------------------------------------------------------------------
Test set: Ejercicio1MapFilterTest$MapFilterCombined
-------------------------------------------------------------------------------
Tests run: 3, Failures: 0, Errors: 3, Skipped: 0, Time elapsed: 0.002 s <<< FAILURE! -- in Ejercicio1MapFilterTest$MapFilterCombined
Ejercicio1MapFilterTest$MapFilterCombined.descuentoPorCategoria -- Time elapsed: 0.001 s <<< ERROR!
kotlin.NotImplementedError: An operation is not implemented: Implementar: Debe aplicar descuento solo a productos de la categoría especificada
	at ProductoManager.aplicarDescuentoCategoria(ProductoManager.kt:68)
	at Ejercicio1MapFilterTest$MapFilterCombined.descuentoPorCategoria(Ejercicio1MapFilterTest.kt:156)
	at java.base/java.lang.reflect.Method.invoke(Method.java:580)
	at java.base/java.util.ArrayList.forEach(ArrayList.java:1596)
	at java.base/java.util.ArrayList.forEach(ArrayList.java:1596)
	at java.base/java.util.ArrayList.forEach(ArrayList.java:1596)

Ejercicio1MapFilterTest$MapFilterCombined.reporteProductosCaros -- Time elapsed: 0 s <<< ERROR!
kotlin.NotImplementedError: An operation is not implemented: Implementar: Debe generar reporte de productos caros disponibles en formato especial
	at ProductoManager.generarReporteProductosCaros(ProductoManager.kt:75)
	at Ejercicio1MapFilterTest$MapFilterCombined.reporteProductosCaros(Ejercicio1MapFilterTest.kt:177)
	at java.base/java.lang.reflect.Method.invoke(Method.java:580)
	at java.base/java.util.ArrayList.forEach(ArrayList.java:1596)
	at java.base/java.util.ArrayList.forEach(ArrayList.java:1596)
	at java.base/java.util.ArrayList.forEach(ArrayList.java:1596)

Ejercicio1MapFilterTest$MapFilterCombined.nombresDeProductosEnStock -- Time elapsed: 0.001 s <<< ERROR!
kotlin.NotImplementedError: An operation is not implemented: Implementar: Debe filtrar productos en stock y retornar sus nombres
	at ProductoManager.obtenerNombresProductosDisponibles(ProductoManager.kt:60)
	at Ejercicio1MapFilterTest$MapFilterCombined.nombresDeProductosEnStock(Ejercicio1MapFilterTest.kt:141)
	at java.base/java.lang.reflect.Method.invoke(Method.java:580)
	at java.base/java.util.ArrayList.forEach(ArrayList.java:1596)
	at java.base/java.util.ArrayList.forEach(ArrayList.java:1596)
	at java.base/java.util.ArrayList.forEach(ArrayList.java:1596)

