-------------------------------------------------------------------------------
Test set: Ejercicio4FuncionesComoArgumentosTest$FilterFunctions
-------------------------------------------------------------------------------
Tests run: 2, Failures: 0, Errors: 2, Skipped: 0, Time elapsed: 0.002 s <<< FAILURE! -- in Ejercicio4FuncionesComoArgumentosTest$FilterFunctions
Ejercicio4FuncionesComoArgumentosTest$FilterFunctions.combinarFiltros -- Time elapsed: 0 s <<< ERROR!
kotlin.NotImplementedError: An operation is not implemented: Implementar: Debe filtrar transacciones que cumplan TODOS los criterios
	at ProcesadorTransacciones.filtrarConMultiplesCriterios(ProcesadorTransacciones.kt:59)
	at Ejercicio4FuncionesComoArgumentosTest$FilterFunctions.combinarFiltros(Ejercicio4FuncionesComoArgumentosTest.kt:119)
	at java.base/java.lang.reflect.Method.invoke(Method.java:580)
	at java.base/java.util.ArrayList.forEach(ArrayList.java:1596)
	at java.base/java.util.ArrayList.forEach(ArrayList.java:1596)
	at java.base/java.util.ArrayList.forEach(ArrayList.java:1596)

Ejercicio4FuncionesComoArgumentosTest$FilterFunctions.filtrarConPredicado -- Time elapsed: 0 s <<< ERROR!
kotlin.NotImplementedError: An operation is not implemented: Implementar: Debe filtrar transacciones usando el predicado
	at ProcesadorTransacciones.filtrarTransacciones(ProcesadorTransacciones.kt:52)
	at Ejercicio4FuncionesComoArgumentosTest$FilterFunctions.filtrarConPredicado(Ejercicio4FuncionesComoArgumentosTest.kt:97)
	at java.base/java.lang.reflect.Method.invoke(Method.java:580)
	at java.base/java.util.ArrayList.forEach(ArrayList.java:1596)
	at java.base/java.util.ArrayList.forEach(ArrayList.java:1596)
	at java.base/java.util.ArrayList.forEach(ArrayList.java:1596)

