-------------------------------------------------------------------------------
Test set: Ejercicio2FindAnyAllTest$AnyOperations
-------------------------------------------------------------------------------
Tests run: 3, Failures: 0, Errors: 3, Skipped: 0, Time elapsed: 0.004 s <<< FAILURE! -- in Ejercicio2FindAnyAllTest$AnyOperations
Ejercicio2FindAnyAllTest$AnyOperations.verificarTareasExcedenTiempo -- Time elapsed: 0.001 s <<< ERROR!
kotlin.NotImplementedError: An operation is not implemented: Implementar: Debe verificar si alguna tarea supera el límite de horas especificado
	at GestorTareas.hayTareasQueSuperanHoras(GestorTareas.kt:56)
	at Ejercicio2FindAnyAllTest$AnyOperations.verificarTareasExcedenTiempo(Ejercicio2FindAnyAllTest.kt:119)
	at java.base/java.lang.reflect.Method.invoke(Method.java:580)
	at java.base/java.util.ArrayList.forEach(ArrayList.java:1596)
	at java.base/java.util.ArrayList.forEach(ArrayList.java:1596)
	at java.base/java.util.ArrayList.forEach(ArrayList.java:1596)

Ejercicio2FindAnyAllTest$AnyOperations.verificarExistenciaEtiqueta -- Time elapsed: 0 s <<< ERROR!
kotlin.NotImplementedError: An operation is not implemented: Implementar: Debe verificar si existe alguna tarea con la etiqueta especificada
	at GestorTareas.existeTareaConEtiqueta(GestorTareas.kt:63)
	at Ejercicio2FindAnyAllTest$AnyOperations.verificarExistenciaEtiqueta(Ejercicio2FindAnyAllTest.kt:134)
	at java.base/java.lang.reflect.Method.invoke(Method.java:580)
	at java.base/java.util.ArrayList.forEach(ArrayList.java:1596)
	at java.base/java.util.ArrayList.forEach(ArrayList.java:1596)
	at java.base/java.util.ArrayList.forEach(ArrayList.java:1596)

Ejercicio2FindAnyAllTest$AnyOperations.verificarTareasUrgentesPendientes -- Time elapsed: 0 s <<< ERROR!
kotlin.NotImplementedError: An operation is not implemented: Implementar: Debe verificar si hay alguna tarea urgente (prioridad 3) sin completar
	at GestorTareas.hayTareasUrgentesPendientes(GestorTareas.kt:49)
	at Ejercicio2FindAnyAllTest$AnyOperations.verificarTareasUrgentesPendientes(Ejercicio2FindAnyAllTest.kt:104)
	at java.base/java.lang.reflect.Method.invoke(Method.java:580)
	at java.base/java.util.ArrayList.forEach(ArrayList.java:1596)
	at java.base/java.util.ArrayList.forEach(ArrayList.java:1596)
	at java.base/java.util.ArrayList.forEach(ArrayList.java:1596)

