-------------------------------------------------------------------------------
Test set: Ejercicio2FindAnyAllTest$CombinedOperations
-------------------------------------------------------------------------------
Tests run: 2, Failures: 0, Errors: 2, Skipped: 0, Time elapsed: 0.002 s <<< FAILURE! -- in Ejercicio2FindAnyAllTest$CombinedOperations
Ejercicio2FindAnyAllTest$CombinedOperations.generarResumenEstado -- Time elapsed: 0.001 s <<< ERROR!
kotlin.NotImplementedError: 
An operation is not implemented: 
            Implementar: Debe generar un resumen con:
            - hayTareasCriticasPendientes: si hay tareas de prioridad 3 sin completar
            - totalHorasPendientes: suma de horas de tareas no completadas
            - todosLosBugsResueltos: si todas las tareas con etiqueta "bug" están completadas
        
	at GestorTareas.generarResumenEstado(GestorTareas.kt:97)
	at Ejercicio2FindAnyAllTest$CombinedOperations.generarResumenEstado(Ejercicio2FindAnyAllTest.kt:235)
	at java.base/java.lang.reflect.Method.invoke(Method.java:580)
	at java.base/java.util.ArrayList.forEach(ArrayList.java:1596)
	at java.base/java.util.ArrayList.forEach(ArrayList.java:1596)
	at java.base/java.util.ArrayList.forEach(ArrayList.java:1596)

Ejercicio2FindAnyAllTest$CombinedOperations.validarProyectoListoParaEntrega -- Time elapsed: 0 s <<< ERROR!
kotlin.NotImplementedError: 
An operation is not implemented: 
            Implementar: Un proyecto está listo si:
            - Todas las tareas de prioridad alta (3) están completadas
            - No hay ninguna tarea pendiente con etiqueta "blocker"
            - Existe al menos una tarea de documentación completada
        
	at GestorTareas.proyectoListoParaEntrega(GestorTareas.kt:86)
	at Ejercicio2FindAnyAllTest$CombinedOperations.validarProyectoListoParaEntrega(Ejercicio2FindAnyAllTest.kt:219)
	at java.base/java.lang.reflect.Method.invoke(Method.java:580)
	at java.base/java.util.ArrayList.forEach(ArrayList.java:1596)
	at java.base/java.util.ArrayList.forEach(ArrayList.java:1596)
	at java.base/java.util.ArrayList.forEach(ArrayList.java:1596)

