-------------------------------------------------------------------------------
Test set: Ejercicio5ItScopeFunctionsTest$RunFunction
-------------------------------------------------------------------------------
Tests run: 2, Failures: 0, Errors: 2, Skipped: 0, Time elapsed: 0.002 s <<< FAILURE! -- in Ejercicio5ItScopeFunctionsTest$RunFunction
Ejercicio5ItScopeFunctionsTest$RunFunction.usarRunParaCalculos -- Time elapsed: 0.001 s <<< ERROR!
kotlin.NotImplementedError: 
An operation is not implemented: 
            Implementar usando 'run':
            - Si activo: +10 puntos
            - Por cada rol: +5 puntos
            - Si email contiene '@empresa.com': +5 puntos
        
	at UsuarioBuilder.calcularNivelAcceso(UsuarioBuilder.kt:59)
	at Ejercicio5ItScopeFunctionsTest$RunFunction.usarRunParaCalculos(Ejercicio5ItScopeFunctionsTest.kt:82)
	at java.base/java.lang.reflect.Method.invoke(Method.java:580)
	at java.base/java.util.ArrayList.forEach(ArrayList.java:1596)
	at java.base/java.util.ArrayList.forEach(ArrayList.java:1596)
	at java.base/java.util.ArrayList.forEach(ArrayList.java:1596)

Ejercicio5ItScopeFunctionsTest$RunFunction.usarRunParaInicializacion -- Time elapsed: 0.001 s <<< ERROR!
kotlin.NotImplementedError: 
An operation is not implemented: 
            Implementar usando 'run' para decidir configuración:
            - Si tipo es "ADMIN": roles=[ADMIN], nivelPrivacidad=3, notificaciones=true
            - Si tipo es "USER": roles=[USER], nivelPrivacidad=1, notificaciones=false
            - Otros casos: configuración por defecto
        
	at UsuarioBuilder.crearUsuarioConTipo(UsuarioBuilder.kt:70)
	at Ejercicio5ItScopeFunctionsTest$RunFunction.usarRunParaInicializacion(Ejercicio5ItScopeFunctionsTest.kt:94)
	at java.base/java.lang.reflect.Method.invoke(Method.java:580)
	at java.base/java.util.ArrayList.forEach(ArrayList.java:1596)
	at java.base/java.util.ArrayList.forEach(ArrayList.java:1596)
	at java.base/java.util.ArrayList.forEach(ArrayList.java:1596)

