-------------------------------------------------------------------------------
Test set: Ejercicio4FuncionesComoArgumentosTest$TransformationFunctions
-------------------------------------------------------------------------------
Tests run: 3, Failures: 0, Errors: 3, Skipped: 0, Time elapsed: 0.002 s <<< FAILURE! -- in Ejercicio4FuncionesComoArgumentosTest$TransformationFunctions
Ejercicio4FuncionesComoArgumentosTest$TransformationFunctions.diferentesEstrategiasCalculo -- Time elapsed: 0.001 s <<< ERROR!
kotlin.NotImplementedError: An operation is not implemented: Implementar: Debe aplicar la función de transformación a cada monto
	at ProcesadorTransacciones.transformarMontos(ProcesadorTransacciones.kt:36)
	at Ejercicio4FuncionesComoArgumentosTest$TransformationFunctions.diferentesEstrategiasCalculo(Ejercicio4FuncionesComoArgumentosTest.kt:72)
	at java.base/java.lang.reflect.Method.invoke(Method.java:580)
	at java.base/java.util.ArrayList.forEach(ArrayList.java:1596)
	at java.base/java.util.ArrayList.forEach(ArrayList.java:1596)
	at java.base/java.util.ArrayList.forEach(ArrayList.java:1596)

Ejercicio4FuncionesComoArgumentosTest$TransformationFunctions.aplicarTransformacionMontos -- Time elapsed: 0 s <<< ERROR!
kotlin.NotImplementedError: An operation is not implemented: Implementar: Debe aplicar la función de transformación a cada monto
	at ProcesadorTransacciones.transformarMontos(ProcesadorTransacciones.kt:36)
	at Ejercicio4FuncionesComoArgumentosTest$TransformationFunctions.aplicarTransformacionMontos(Ejercicio4FuncionesComoArgumentosTest.kt:35)
	at java.base/java.lang.reflect.Method.invoke(Method.java:580)
	at java.base/java.util.ArrayList.forEach(ArrayList.java:1596)
	at java.base/java.util.ArrayList.forEach(ArrayList.java:1596)
	at java.base/java.util.ArrayList.forEach(ArrayList.java:1596)

Ejercicio4FuncionesComoArgumentosTest$TransformationFunctions.procesarConFuncionPersonalizada -- Time elapsed: 0.001 s <<< ERROR!
kotlin.NotImplementedError: An operation is not implemented: Implementar: Debe procesar cada transacción con la función dada
	at ProcesadorTransacciones.procesarCon(ProcesadorTransacciones.kt:43)
	at Ejercicio4FuncionesComoArgumentosTest$TransformationFunctions.procesarConFuncionPersonalizada(Ejercicio4FuncionesComoArgumentosTest.kt:54)
	at java.base/java.lang.reflect.Method.invoke(Method.java:580)
	at java.base/java.util.ArrayList.forEach(ArrayList.java:1596)
	at java.base/java.util.ArrayList.forEach(ArrayList.java:1596)
	at java.base/java.util.ArrayList.forEach(ArrayList.java:1596)

