-------------------------------------------------------------------------------
Test set: Ejercicio5ItScopeFunctionsTest$LetFunction
-------------------------------------------------------------------------------
Tests run: 2, Failures: 0, Errors: 2, Skipped: 0, Time elapsed: 0.001 s <<< FAILURE! -- in Ejercicio5ItScopeFunctionsTest$LetFunction
Ejercicio5ItScopeFunctionsTest$LetFunction.usarLetParaNullSafety -- Time elapsed: 0 s <<< ERROR!
kotlin.NotImplementedError: 
An operation is not implemented: 
            Implementar usando 'let':
            - Si email no es null: "Usuario con email: [email]"
            - Si email es null: "Usuario sin email"
        
	at UsuarioBuilder.procesarEmailOpcional(UsuarioBuilder.kt:140)
	at Ejercicio5ItScopeFunctionsTest$LetFunction.usarLetParaNullSafety(Ejercicio5ItScopeFunctionsTest.kt:206)
	at java.base/java.lang.reflect.Method.invoke(Method.java:580)
	at java.base/java.util.ArrayList.forEach(ArrayList.java:1596)
	at java.base/java.util.ArrayList.forEach(ArrayList.java:1596)
	at java.base/java.util.ArrayList.forEach(ArrayList.java:1596)

Ejercicio5ItScopeFunctionsTest$LetFunction.usarLetParaMapeo -- Time elapsed: 0 s <<< ERROR!
kotlin.NotImplementedError: 
An operation is not implemented: 
            Implementar usando 'let':
            - Solo procesar usuarios activos con email no vacío
            - Generar mensaje "Bienvenido/a [nombre] ([email])"
        
	at UsuarioBuilder.generarMensajesBienvenida(UsuarioBuilder.kt:150)
	at Ejercicio5ItScopeFunctionsTest$LetFunction.usarLetParaMapeo(Ejercicio5ItScopeFunctionsTest.kt:224)
	at java.base/java.lang.reflect.Method.invoke(Method.java:580)
	at java.base/java.util.ArrayList.forEach(ArrayList.java:1596)
	at java.base/java.util.ArrayList.forEach(ArrayList.java:1596)
	at java.base/java.util.ArrayList.forEach(ArrayList.java:1596)

