-------------------------------------------------------------------------------
Test set: Ejercicio5ItScopeFunctionsTest$ApplyFunction
-------------------------------------------------------------------------------
Tests run: 2, Failures: 0, Errors: 2, Skipped: 0, Time elapsed: 0.002 s <<< FAILURE! -- in Ejercicio5ItScopeFunctionsTest$ApplyFunction
Ejercicio5ItScopeFunctionsTest$ApplyFunction.usarApplyParaModificacion -- Time elapsed: 0.001 s <<< ERROR!
kotlin.NotImplementedError: An operation is not implemented: Implementar: Usar 'apply' para aplicar la función de actualización al usuario
	at UsuarioBuilder.actualizarUsuario(UsuarioBuilder.kt:102)
	at Ejercicio5ItScopeFunctionsTest$ApplyFunction.usarApplyParaModificacion(Ejercicio5ItScopeFunctionsTest.kt:134)
	at java.base/java.lang.reflect.Method.invoke(Method.java:580)
	at java.base/java.util.ArrayList.forEach(ArrayList.java:1596)
	at java.base/java.util.ArrayList.forEach(ArrayList.java:1596)
	at java.base/java.util.ArrayList.forEach(ArrayList.java:1596)

Ejercicio5ItScopeFunctionsTest$ApplyFunction.usarApplyParaConfiguracion -- Time elapsed: 0.001 s <<< ERROR!
kotlin.NotImplementedError: 
An operation is not implemented: 
            Implementar usando 'apply':
            - Crear usuario y configurar todas sus propiedades
            - Establecer activo = true
            - Asignar roles
            - Crear configuración por defecto
        
	at UsuarioBuilder.crearUsuarioCompleto(UsuarioBuilder.kt:87)
	at Ejercicio5ItScopeFunctionsTest$ApplyFunction.usarApplyParaConfiguracion(Ejercicio5ItScopeFunctionsTest.kt:115)
	at java.base/java.lang.reflect.Method.invoke(Method.java:580)
	at java.base/java.util.ArrayList.forEach(ArrayList.java:1596)
	at java.base/java.util.ArrayList.forEach(ArrayList.java:1596)
	at java.base/java.util.ArrayList.forEach(ArrayList.java:1596)

