-------------------------------------------------------------------------------
Test set: Ejercicio4FuncionesComoArgumentosTest$FunctionComposition
-------------------------------------------------------------------------------
Tests run: 3, Failures: 0, Errors: 3, Skipped: 0, Time elapsed: 0.003 s <<< FAILURE! -- in Ejercicio4FuncionesComoArgumentosTest$FunctionComposition
Ejercicio4FuncionesComoArgumentosTest$FunctionComposition.manejarCallbacks -- Time elapsed: 0.001 s <<< ERROR!
kotlin.NotImplementedError: 
An operation is not implemented: 
            Implementar:
            - Para transacciones PROCESADAS: ejecutar onTransaccionProcesada
            - Para transacciones RECHAZADAS: ejecutar onTransaccionRechazada
        
	at ProcesadorTransacciones.procesarConEventos(ProcesadorTransacciones.kt:111)
	at Ejercicio4FuncionesComoArgumentosTest$FunctionComposition.manejarCallbacks(Ejercicio4FuncionesComoArgumentosTest.kt:264)
	at java.base/java.lang.reflect.Method.invoke(Method.java:580)
	at java.base/java.util.ArrayList.forEach(ArrayList.java:1596)
	at java.base/java.util.ArrayList.forEach(ArrayList.java:1596)
	at java.base/java.util.ArrayList.forEach(ArrayList.java:1596)

Ejercicio4FuncionesComoArgumentosTest$FunctionComposition.procesadorConfigurable -- Time elapsed: 0.001 s <<< ERROR!
kotlin.NotImplementedError: 
An operation is not implemented: 
            Implementar:
            1) Filtrar usando config.filtro
            2) Transformar usando config.transformacion
            3) Formatear usando config.formateo
        
	at ProcesadorTransacciones.procesarConConfiguracion(ProcesadorTransacciones.kt:96)
	at Ejercicio4FuncionesComoArgumentosTest$FunctionComposition.procesadorConfigurable(Ejercicio4FuncionesComoArgumentosTest.kt:233)
	at java.base/java.lang.reflect.Method.invoke(Method.java:580)
	at java.base/java.util.ArrayList.forEach(ArrayList.java:1596)
	at java.base/java.util.ArrayList.forEach(ArrayList.java:1596)
	at java.base/java.util.ArrayList.forEach(ArrayList.java:1596)

Ejercicio4FuncionesComoArgumentosTest$FunctionComposition.procesarPipeline -- Time elapsed: 0.001 s <<< ERROR!
kotlin.NotImplementedError: 
An operation is not implemented: 
            Implementar pipeline:
            1) Aplicar filtro1
            2) Aplicar filtro2
            3) Transformar cada transacción a Double
            4) Agregar todos los valores con la función de agregación (inicial: 0.0)
        
	at ProcesadorTransacciones.ejecutarPipeline(ProcesadorTransacciones.kt:81)
	at Ejercicio4FuncionesComoArgumentosTest$FunctionComposition.procesarPipeline(Ejercicio4FuncionesComoArgumentosTest.kt:195)
	at java.base/java.lang.reflect.Method.invoke(Method.java:580)
	at java.base/java.util.ArrayList.forEach(ArrayList.java:1596)
	at java.base/java.util.ArrayList.forEach(ArrayList.java:1596)
	at java.base/java.util.ArrayList.forEach(ArrayList.java:1596)

