<?xml version="1.0" encoding="UTF-8"?>
<testsuite xmlns:xsi="http://www.w3.org/2001/XMLSchema-instance" xsi:noNamespaceSchemaLocation="https://maven.apache.org/surefire/maven-surefire-plugin/xsd/surefire-test-report.xsd" version="3.0.2" name="Ejercicio2FindAnyAllTest$CombinedOperations" time="0.002" tests="2" errors="2" skipped="0" failures="0">
  <properties>
[...]
</properties>
  <testcase name="generarResumenEstado" classname="Ejercicio2FindAnyAllTest$CombinedOperations" time="0.001">
    <error message="An operation is not implemented: &#10;            Implementar: Debe generar un resumen con:&#10;            - hayTareasCriticasPendientes: si hay tareas de prioridad 3 sin completar&#10;            - totalHorasPendientes: suma de horas de tareas no completadas&#10;            - todosLosBugsResueltos: si todas las tareas con etiqueta &quot;bug&quot; están completadas&#10;        " type="kotlin.NotImplementedError"><![CDATA[kotlin.NotImplementedError: 
An operation is not implemented: 
            Implementar: Debe generar un resumen con:
            - hayTareasCriticasPendientes: si hay tareas de prioridad 3 sin completar
            - totalHorasPendientes: suma de horas de tareas no completadas
            - todosLosBugsResueltos: si todas las tareas con etiqueta "bug" están completadas
        
	at GestorTareas.generarResumenEstado(GestorTareas.kt:97)
	at Ejercicio2FindAnyAllTest$CombinedOperations.generarResumenEstado(Ejercicio2FindAnyAllTest.kt:235)
	at java.base/java.lang.reflect.Method.invoke(Method.java:580)
	at java.base/java.util.ArrayList.forEach(ArrayList.java:1596)
	at java.base/java.util.ArrayList.forEach(ArrayList.java:1596)
	at java.base/java.util.ArrayList.forEach(ArrayList.java:1596)
]]></error>
  </testcase>
  <testcase name="validarProyectoListoParaEntrega" classname="Ejercicio2FindAnyAllTest$CombinedOperations" time="0.0">
    <error message="An operation is not implemented: &#10;            Implementar: Un proyecto está listo si:&#10;            - Todas las tareas de prioridad alta (3) están completadas&#10;            - No hay ninguna tarea pendiente con etiqueta &quot;blocker&quot;&#10;            - Existe al menos una tarea de documentación completada&#10;        " type="kotlin.NotImplementedError"><![CDATA[kotlin.NotImplementedError: 
An operation is not implemented: 
            Implementar: Un proyecto está listo si:
            - Todas las tareas de prioridad alta (3) están completadas
            - No hay ninguna tarea pendiente con etiqueta "blocker"
            - Existe al menos una tarea de documentación completada
        
	at GestorTareas.proyectoListoParaEntrega(GestorTareas.kt:86)
	at Ejercicio2FindAnyAllTest$CombinedOperations.validarProyectoListoParaEntrega(Ejercicio2FindAnyAllTest.kt:219)
	at java.base/java.lang.reflect.Method.invoke(Method.java:580)
	at java.base/java.util.ArrayList.forEach(ArrayList.java:1596)
	at java.base/java.util.ArrayList.forEach(ArrayList.java:1596)
	at java.base/java.util.ArrayList.forEach(ArrayList.java:1596)
]]></error>
  </testcase>
</testsuite>