<?xml version="1.0" encoding="UTF-8"?>
<testsuite xmlns:xsi="http://www.w3.org/2001/XMLSchema-instance" xsi:noNamespaceSchemaLocation="https://maven.apache.org/surefire/maven-surefire-plugin/xsd/surefire-test-report.xsd" version="3.0.2" name="Ejercicio5ItScopeFunctionsTest$RunFunction" time="0.002" tests="2" errors="2" skipped="0" failures="0">
  <properties>
[...]
</properties>
  <testcase name="usarRunParaCalculos" classname="Ejercicio5ItScopeFunctionsTest$RunFunction" time="0.001">
    <error message="An operation is not implemented: &#10;            Implementar usando &apos;run&apos;:&#10;            - Si activo: +10 puntos&#10;            - Por cada rol: +5 puntos&#10;            - Si email contiene &apos;@empresa.com&apos;: +5 puntos&#10;        " type="kotlin.NotImplementedError"><![CDATA[kotlin.NotImplementedError: 
An operation is not implemented: 
            Implementar usando 'run':
            - Si activo: +10 puntos
            - Por cada rol: +5 puntos
            - Si email contiene '@empresa.com': +5 puntos
        
	at UsuarioBuilder.calcularNivelAcceso(UsuarioBuilder.kt:59)
	at Ejercicio5ItScopeFunctionsTest$RunFunction.usarRunParaCalculos(Ejercicio5ItScopeFunctionsTest.kt:82)
	at java.base/java.lang.reflect.Method.invoke(Method.java:580)
	at java.base/java.util.ArrayList.forEach(ArrayList.java:1596)
	at java.base/java.util.ArrayList.forEach(ArrayList.java:1596)
	at java.base/java.util.ArrayList.forEach(ArrayList.java:1596)
]]></error>
  </testcase>
  <testcase name="usarRunParaInicializacion" classname="Ejercicio5ItScopeFunctionsTest$RunFunction" time="0.001">
    <error message="An operation is not implemented: &#10;            Implementar usando &apos;run&apos; para decidir configuración:&#10;            - Si tipo es &quot;ADMIN&quot;: roles=[ADMIN], nivelPrivacidad=3, notificaciones=true&#10;            - Si tipo es &quot;USER&quot;: roles=[USER], nivelPrivacidad=1, notificaciones=false&#10;            - Otros casos: configuración por defecto&#10;        " type="kotlin.NotImplementedError"><![CDATA[kotlin.NotImplementedError: 
An operation is not implemented: 
            Implementar usando 'run' para decidir configuración:
            - Si tipo es "ADMIN": roles=[ADMIN], nivelPrivacidad=3, notificaciones=true
            - Si tipo es "USER": roles=[USER], nivelPrivacidad=1, notificaciones=false
            - Otros casos: configuración por defecto
        
	at UsuarioBuilder.crearUsuarioConTipo(UsuarioBuilder.kt:70)
	at Ejercicio5ItScopeFunctionsTest$RunFunction.usarRunParaInicializacion(Ejercicio5ItScopeFunctionsTest.kt:94)
	at java.base/java.lang.reflect.Method.invoke(Method.java:580)
	at java.base/java.util.ArrayList.forEach(ArrayList.java:1596)
	at java.base/java.util.ArrayList.forEach(ArrayList.java:1596)
	at java.base/java.util.ArrayList.forEach(ArrayList.java:1596)
]]></error>
  </testcase>
</testsuite>