<?xml version="1.0" encoding="UTF-8"?>
<testsuite xmlns:xsi="http://www.w3.org/2001/XMLSchema-instance" xsi:noNamespaceSchemaLocation="https://maven.apache.org/surefire/maven-surefire-plugin/xsd/surefire-test-report.xsd" version="3.0.2" name="Ejercicio5ItScopeFunctionsTest$LetFunction" time="0.001" tests="2" errors="2" skipped="0" failures="0">
  <properties>
[...]
</properties>
  <testcase name="usarLetParaNullSafety" classname="Ejercicio5ItScopeFunctionsTest$LetFunction" time="0.0">
    <error message="An operation is not implemented: &#10;            Implementar usando &apos;let&apos;:&#10;            - Si email no es null: &quot;Usuario con email: [email]&quot;&#10;            - Si email es null: &quot;Usuario sin email&quot;&#10;        " type="kotlin.NotImplementedError"><![CDATA[kotlin.NotImplementedError: 
An operation is not implemented: 
            Implementar usando 'let':
            - Si email no es null: "Usuario con email: [email]"
            - Si email es null: "Usuario sin email"
        
	at UsuarioBuilder.procesarEmailOpcional(UsuarioBuilder.kt:140)
	at Ejercicio5ItScopeFunctionsTest$LetFunction.usarLetParaNullSafety(Ejercicio5ItScopeFunctionsTest.kt:206)
	at java.base/java.lang.reflect.Method.invoke(Method.java:580)
	at java.base/java.util.ArrayList.forEach(ArrayList.java:1596)
	at java.base/java.util.ArrayList.forEach(ArrayList.java:1596)
	at java.base/java.util.ArrayList.forEach(ArrayList.java:1596)
]]></error>
  </testcase>
  <testcase name="usarLetParaMapeo" classname="Ejercicio5ItScopeFunctionsTest$LetFunction" time="0.0">
    <error message="An operation is not implemented: &#10;            Implementar usando &apos;let&apos;:&#10;            - Solo procesar usuarios activos con email no vacío&#10;            - Generar mensaje &quot;Bienvenido/a [nombre] ([email])&quot;&#10;        " type="kotlin.NotImplementedError"><![CDATA[kotlin.NotImplementedError: 
An operation is not implemented: 
            Implementar usando 'let':
            - Solo procesar usuarios activos con email no vacío
            - Generar mensaje "Bienvenido/a [nombre] ([email])"
        
	at UsuarioBuilder.generarMensajesBienvenida(UsuarioBuilder.kt:150)
	at Ejercicio5ItScopeFunctionsTest$LetFunction.usarLetParaMapeo(Ejercicio5ItScopeFunctionsTest.kt:224)
	at java.base/java.lang.reflect.Method.invoke(Method.java:580)
	at java.base/java.util.ArrayList.forEach(ArrayList.java:1596)
	at java.base/java.util.ArrayList.forEach(ArrayList.java:1596)
	at java.base/java.util.ArrayList.forEach(ArrayList.java:1596)
]]></error>
  </testcase>
</testsuite>